::1 - - [Wed, 30 May 2018 02:11:43 GMT] "GET / HTTP/1.1" 500 2145 "-" "Mozilla/5.0 (Windows NT 6.1; Win64; x64) AppleWebKit/537.36 (KHTML, like Gecko) Chrome/63.0.3239.132 Safari/537.36"
::1 - - [Wed, 30 May 2018 02:11:44 GMT] "GET /favicon.ico HTTP/1.1" 200 224 "http://localhost:3000/" "Mozilla/5.0 (Windows NT 6.1; Win64; x64) AppleWebKit/537.36 (KHTML, like Gecko) Chrome/63.0.3239.132 Safari/537.36"
::1 - - [Wed, 30 May 2018 02:12:01 GMT] "GET /login HTTP/1.1" 200 1080 "-" "Mozilla/5.0 (Windows NT 6.1; Win64; x64) AppleWebKit/537.36 (KHTML, like Gecko) Chrome/63.0.3239.132 Safari/537.36"
::1 - - [Wed, 30 May 2018 02:12:01 GMT] "GET /stylesheets/style.css HTTP/1.1" 304 - "http://localhost:3000/login" "Mozilla/5.0 (Windows NT 6.1; Win64; x64) AppleWebKit/537.36 (KHTML, like Gecko) Chrome/63.0.3239.132 Safari/537.36"
::1 - - [Wed, 30 May 2018 02:12:01 GMT] "GET /favicon.ico HTTP/1.1" 304 - "http://localhost:3000/login" "Mozilla/5.0 (Windows NT 6.1; Win64; x64) AppleWebKit/537.36 (KHTML, like Gecko) Chrome/63.0.3239.132 Safari/537.36"
::1 - - [Wed, 30 May 2018 02:21:56 GMT] "POST /login HTTP/1.1" 302 56 "http://localhost:3000/login" "Mozilla/5.0 (Windows NT 6.1; Win64; x64) AppleWebKit/537.36 (KHTML, like Gecko) Chrome/63.0.3239.132 Safari/537.36"
::1 - - [Wed, 30 May 2018 02:21:56 GMT] "GET /login HTTP/1.1" 200 1119 "http://localhost:3000/login" "Mozilla/5.0 (Windows NT 6.1; Win64; x64) AppleWebKit/537.36 (KHTML, like Gecko) Chrome/63.0.3239.132 Safari/537.36"
::1 - - [Wed, 30 May 2018 02:21:56 GMT] "GET /stylesheets/style.css HTTP/1.1" 304 - "http://localhost:3000/login" "Mozilla/5.0 (Windows NT 6.1; Win64; x64) AppleWebKit/537.36 (KHTML, like Gecko) Chrome/63.0.3239.132 Safari/537.36"
::1 - - [Wed, 30 May 2018 02:21:56 GMT] "GET /favicon.ico HTTP/1.1" 304 - "http://localhost:3000/login" "Mozilla/5.0 (Windows NT 6.1; Win64; x64) AppleWebKit/537.36 (KHTML, like Gecko) Chrome/63.0.3239.132 Safari/537.36"
::1 - - [Wed, 30 May 2018 02:22:14 GMT] "POST /login HTTP/1.1" 302 56 "http://localhost:3000/login" "Mozilla/5.0 (Windows NT 6.1; Win64; x64) AppleWebKit/537.36 (KHTML, like Gecko) Chrome/63.0.3239.132 Safari/537.36"
::1 - - [Wed, 30 May 2018 02:22:14 GMT] "GET /login HTTP/1.1" 200 1116 "http://localhost:3000/login" "Mozilla/5.0 (Windows NT 6.1; Win64; x64) AppleWebKit/537.36 (KHTML, like Gecko) Chrome/63.0.3239.132 Safari/537.36"
::1 - - [Wed, 30 May 2018 02:22:14 GMT] "GET /stylesheets/style.css HTTP/1.1" 304 - "http://localhost:3000/login" "Mozilla/5.0 (Windows NT 6.1; Win64; x64) AppleWebKit/537.36 (KHTML, like Gecko) Chrome/63.0.3239.132 Safari/537.36"
::1 - - [Wed, 30 May 2018 02:22:14 GMT] "GET /favicon.ico HTTP/1.1" 304 - "http://localhost:3000/login" "Mozilla/5.0 (Windows NT 6.1; Win64; x64) AppleWebKit/537.36 (KHTML, like Gecko) Chrome/63.0.3239.132 Safari/537.36"
::1 - - [Wed, 30 May 2018 02:22:24 GMT] "POST /login HTTP/1.1" 302 56 "http://localhost:3000/login" "Mozilla/5.0 (Windows NT 6.1; Win64; x64) AppleWebKit/537.36 (KHTML, like Gecko) Chrome/63.0.3239.132 Safari/537.36"
::1 - - [Wed, 30 May 2018 02:22:24 GMT] "GET /login HTTP/1.1" 200 1116 "http://localhost:3000/login" "Mozilla/5.0 (Windows NT 6.1; Win64; x64) AppleWebKit/537.36 (KHTML, like Gecko) Chrome/63.0.3239.132 Safari/537.36"
::1 - - [Wed, 30 May 2018 02:22:24 GMT] "GET /stylesheets/style.css HTTP/1.1" 304 - "http://localhost:3000/login" "Mozilla/5.0 (Windows NT 6.1; Win64; x64) AppleWebKit/537.36 (KHTML, like Gecko) Chrome/63.0.3239.132 Safari/537.36"
::1 - - [Wed, 30 May 2018 02:22:25 GMT] "GET /favicon.ico HTTP/1.1" 304 - "http://localhost:3000/login" "Mozilla/5.0 (Windows NT 6.1; Win64; x64) AppleWebKit/537.36 (KHTML, like Gecko) Chrome/63.0.3239.132 Safari/537.36"
::1 - - [Wed, 30 May 2018 02:22:30 GMT] "GET /reg HTTP/1.1" 304 - "http://localhost:3000/login" "Mozilla/5.0 (Windows NT 6.1; Win64; x64) AppleWebKit/537.36 (KHTML, like Gecko) Chrome/63.0.3239.132 Safari/537.36"
::1 - - [Wed, 30 May 2018 02:22:30 GMT] "GET /stylesheets/style.css HTTP/1.1" 304 - "http://localhost:3000/reg" "Mozilla/5.0 (Windows NT 6.1; Win64; x64) AppleWebKit/537.36 (KHTML, like Gecko) Chrome/63.0.3239.132 Safari/537.36"
::1 - - [Wed, 30 May 2018 02:22:30 GMT] "GET /favicon.ico HTTP/1.1" 304 - "http://localhost:3000/reg" "Mozilla/5.0 (Windows NT 6.1; Win64; x64) AppleWebKit/537.36 (KHTML, like Gecko) Chrome/63.0.3239.132 Safari/537.36"
::1 - - [Wed, 30 May 2018 02:22:40 GMT] "POST /reg HTTP/1.1" 302 56 "http://localhost:3000/reg" "Mozilla/5.0 (Windows NT 6.1; Win64; x64) AppleWebKit/537.36 (KHTML, like Gecko) Chrome/63.0.3239.132 Safari/537.36"
::1 - - [Wed, 30 May 2018 02:22:40 GMT] "GET /login HTTP/1.1" 200 1115 "http://localhost:3000/reg" "Mozilla/5.0 (Windows NT 6.1; Win64; x64) AppleWebKit/537.36 (KHTML, like Gecko) Chrome/63.0.3239.132 Safari/537.36"
::1 - - [Wed, 30 May 2018 02:22:40 GMT] "GET /stylesheets/style.css HTTP/1.1" 304 - "http://localhost:3000/login" "Mozilla/5.0 (Windows NT 6.1; Win64; x64) AppleWebKit/537.36 (KHTML, like Gecko) Chrome/63.0.3239.132 Safari/537.36"
::1 - - [Wed, 30 May 2018 02:22:40 GMT] "GET /favicon.ico HTTP/1.1" 304 - "http://localhost:3000/login" "Mozilla/5.0 (Windows NT 6.1; Win64; x64) AppleWebKit/537.36 (KHTML, like Gecko) Chrome/63.0.3239.132 Safari/537.36"
::1 - - [Wed, 30 May 2018 02:22:43 GMT] "POST /login HTTP/1.1" 302 46 "http://localhost:3000/login" "Mozilla/5.0 (Windows NT 6.1; Win64; x64) AppleWebKit/537.36 (KHTML, like Gecko) Chrome/63.0.3239.132 Safari/537.36"
::1 - - [Wed, 30 May 2018 02:22:43 GMT] "GET / HTTP/1.1" 500 2145 "http://localhost:3000/login" "Mozilla/5.0 (Windows NT 6.1; Win64; x64) AppleWebKit/537.36 (KHTML, like Gecko) Chrome/63.0.3239.132 Safari/537.36"
::1 - - [Wed, 30 May 2018 02:22:43 GMT] "GET /favicon.ico HTTP/1.1" 304 - "http://localhost:3000/" "Mozilla/5.0 (Windows NT 6.1; Win64; x64) AppleWebKit/537.36 (KHTML, like Gecko) Chrome/63.0.3239.132 Safari/537.36"
::1 - - [Wed, 30 May 2018 02:23:08 GMT] "GET /post HTTP/1.1" 200 1373 "-" "Mozilla/5.0 (Windows NT 6.1; Win64; x64) AppleWebKit/537.36 (KHTML, like Gecko) Chrome/63.0.3239.132 Safari/537.36"
::1 - - [Wed, 30 May 2018 02:23:09 GMT] "GET /stylesheets/style.css HTTP/1.1" 304 - "http://localhost:3000/post" "Mozilla/5.0 (Windows NT 6.1; Win64; x64) AppleWebKit/537.36 (KHTML, like Gecko) Chrome/63.0.3239.132 Safari/537.36"
::1 - - [Wed, 30 May 2018 02:23:09 GMT] "GET /favicon.ico HTTP/1.1" 304 - "http://localhost:3000/post" "Mozilla/5.0 (Windows NT 6.1; Win64; x64) AppleWebKit/537.36 (KHTML, like Gecko) Chrome/63.0.3239.132 Safari/537.36"
::1 - - [Wed, 30 May 2018 02:23:09 GMT] "GET /stylesheets/style.css HTTP/1.1" 304 - "http://localhost:3000/post" "Mozilla/5.0 (Windows NT 6.1; Win64; x64) AppleWebKit/537.36 (KHTML, like Gecko) Chrome/63.0.3239.132 Safari/537.36"
::1 - - [Wed, 30 May 2018 02:23:16 GMT] "POST /post HTTP/1.1" 302 46 "http://localhost:3000/post" "Mozilla/5.0 (Windows NT 6.1; Win64; x64) AppleWebKit/537.36 (KHTML, like Gecko) Chrome/63.0.3239.132 Safari/537.36"
::1 - - [Wed, 30 May 2018 02:23:16 GMT] "GET / HTTP/1.1" 500 2145 "http://localhost:3000/post" "Mozilla/5.0 (Windows NT 6.1; Win64; x64) AppleWebKit/537.36 (KHTML, like Gecko) Chrome/63.0.3239.132 Safari/537.36"
::1 - - [Wed, 30 May 2018 02:23:16 GMT] "GET /favicon.ico HTTP/1.1" 304 - "http://localhost:3000/" "Mozilla/5.0 (Windows NT 6.1; Win64; x64) AppleWebKit/537.36 (KHTML, like Gecko) Chrome/63.0.3239.132 Safari/537.36"
::1 - - [Wed, 30 May 2018 02:23:19 GMT] "GET /post HTTP/1.1" 200 1373 "-" "Mozilla/5.0 (Windows NT 6.1; Win64; x64) AppleWebKit/537.36 (KHTML, like Gecko) Chrome/63.0.3239.132 Safari/537.36"
::1 - - [Wed, 30 May 2018 02:23:19 GMT] "GET /favicon.ico HTTP/1.1" 304 - "http://localhost:3000/post" "Mozilla/5.0 (Windows NT 6.1; Win64; x64) AppleWebKit/537.36 (KHTML, like Gecko) Chrome/63.0.3239.132 Safari/537.36"
::1 - - [Wed, 30 May 2018 02:23:20 GMT] "POST /post HTTP/1.1" 302 46 "http://localhost:3000/post" "Mozilla/5.0 (Windows NT 6.1; Win64; x64) AppleWebKit/537.36 (KHTML, like Gecko) Chrome/63.0.3239.132 Safari/537.36"
::1 - - [Wed, 30 May 2018 02:23:20 GMT] "GET / HTTP/1.1" 500 2145 "http://localhost:3000/post" "Mozilla/5.0 (Windows NT 6.1; Win64; x64) AppleWebKit/537.36 (KHTML, like Gecko) Chrome/63.0.3239.132 Safari/537.36"
::1 - - [Wed, 30 May 2018 02:23:20 GMT] "GET /favicon.ico HTTP/1.1" 304 - "http://localhost:3000/" "Mozilla/5.0 (Windows NT 6.1; Win64; x64) AppleWebKit/537.36 (KHTML, like Gecko) Chrome/63.0.3239.132 Safari/537.36"
::1 - - [Wed, 30 May 2018 02:23:22 GMT] "GET /post HTTP/1.1" 200 1373 "-" "Mozilla/5.0 (Windows NT 6.1; Win64; x64) AppleWebKit/537.36 (KHTML, like Gecko) Chrome/63.0.3239.132 Safari/537.36"
::1 - - [Wed, 30 May 2018 02:23:22 GMT] "GET /favicon.ico HTTP/1.1" 304 - "http://localhost:3000/post" "Mozilla/5.0 (Windows NT 6.1; Win64; x64) AppleWebKit/537.36 (KHTML, like Gecko) Chrome/63.0.3239.132 Safari/537.36"
::1 - - [Wed, 30 May 2018 02:32:38 GMT] "POST /post HTTP/1.1" 302 46 "http://localhost:3000/post" "Mozilla/5.0 (Windows NT 6.1; Win64; x64) AppleWebKit/537.36 (KHTML, like Gecko) Chrome/63.0.3239.132 Safari/537.36"
::1 - - [Wed, 30 May 2018 02:32:38 GMT] "GET / HTTP/1.1" 500 2145 "http://localhost:3000/post" "Mozilla/5.0 (Windows NT 6.1; Win64; x64) AppleWebKit/537.36 (KHTML, like Gecko) Chrome/63.0.3239.132 Safari/537.36"
::1 - - [Wed, 30 May 2018 02:32:38 GMT] "GET /favicon.ico HTTP/1.1" 304 - "http://localhost:3000/" "Mozilla/5.0 (Windows NT 6.1; Win64; x64) AppleWebKit/537.36 (KHTML, like Gecko) Chrome/63.0.3239.132 Safari/537.36"
::1 - - [Wed, 30 May 2018 02:35:23 GMT] "GET / HTTP/1.1" 200 1046 "http://localhost:3000/post" "Mozilla/5.0 (Windows NT 6.1; Win64; x64) AppleWebKit/537.36 (KHTML, like Gecko) Chrome/63.0.3239.132 Safari/537.36"
::1 - - [Wed, 30 May 2018 02:35:23 GMT] "GET /stylesheets/style.css HTTP/1.1" 304 - "http://localhost:3000/" "Mozilla/5.0 (Windows NT 6.1; Win64; x64) AppleWebKit/537.36 (KHTML, like Gecko) Chrome/63.0.3239.132 Safari/537.36"
::1 - - [Wed, 30 May 2018 02:35:23 GMT] "GET /favicon.ico HTTP/1.1" 200 224 "http://localhost:3000/" "Mozilla/5.0 (Windows NT 6.1; Win64; x64) AppleWebKit/537.36 (KHTML, like Gecko) Chrome/63.0.3239.132 Safari/537.36"
::1 - - [Wed, 30 May 2018 02:35:28 GMT] "GET /post HTTP/1.1" 200 1373 "http://localhost:3000/" "Mozilla/5.0 (Windows NT 6.1; Win64; x64) AppleWebKit/537.36 (KHTML, like Gecko) Chrome/63.0.3239.132 Safari/537.36"
::1 - - [Wed, 30 May 2018 02:35:28 GMT] "GET /stylesheets/style.css HTTP/1.1" 304 - "http://localhost:3000/post" "Mozilla/5.0 (Windows NT 6.1; Win64; x64) AppleWebKit/537.36 (KHTML, like Gecko) Chrome/63.0.3239.132 Safari/537.36"
::1 - - [Wed, 30 May 2018 02:35:28 GMT] "GET /favicon.ico HTTP/1.1" 304 - "http://localhost:3000/post" "Mozilla/5.0 (Windows NT 6.1; Win64; x64) AppleWebKit/537.36 (KHTML, like Gecko) Chrome/63.0.3239.132 Safari/537.36"
::1 - - [Wed, 30 May 2018 02:35:32 GMT] "POST /post HTTP/1.1" 302 46 "http://localhost:3000/post" "Mozilla/5.0 (Windows NT 6.1; Win64; x64) AppleWebKit/537.36 (KHTML, like Gecko) Chrome/63.0.3239.132 Safari/537.36"
::1 - - [Wed, 30 May 2018 02:35:32 GMT] "GET / HTTP/1.1" 200 1726 "http://localhost:3000/post" "Mozilla/5.0 (Windows NT 6.1; Win64; x64) AppleWebKit/537.36 (KHTML, like Gecko) Chrome/63.0.3239.132 Safari/537.36"
::1 - - [Wed, 30 May 2018 02:35:33 GMT] "GET /stylesheets/style.css HTTP/1.1" 304 - "http://localhost:3000/" "Mozilla/5.0 (Windows NT 6.1; Win64; x64) AppleWebKit/537.36 (KHTML, like Gecko) Chrome/63.0.3239.132 Safari/537.36"
::1 - - [Wed, 30 May 2018 02:35:33 GMT] "GET /favicon.ico HTTP/1.1" 304 - "http://localhost:3000/" "Mozilla/5.0 (Windows NT 6.1; Win64; x64) AppleWebKit/537.36 (KHTML, like Gecko) Chrome/63.0.3239.132 Safari/537.36"
::1 - - [Wed, 30 May 2018 06:53:19 GMT] "GET / HTTP/1.1" 200 1691 "http://localhost:3000/post" "Mozilla/5.0 (Windows NT 6.1; Win64; x64) AppleWebKit/537.36 (KHTML, like Gecko) Chrome/63.0.3239.132 Safari/537.36"
::1 - - [Wed, 30 May 2018 06:53:19 GMT] "GET /stylesheets/style.css HTTP/1.1" 304 - "http://localhost:3000/" "Mozilla/5.0 (Windows NT 6.1; Win64; x64) AppleWebKit/537.36 (KHTML, like Gecko) Chrome/63.0.3239.132 Safari/537.36"
::1 - - [Wed, 30 May 2018 06:53:20 GMT] "GET /favicon.ico HTTP/1.1" 200 224 "http://localhost:3000/" "Mozilla/5.0 (Windows NT 6.1; Win64; x64) AppleWebKit/537.36 (KHTML, like Gecko) Chrome/63.0.3239.132 Safari/537.36"
::1 - - [Wed, 30 May 2018 07:08:09 GMT] "GET / HTTP/1.1" 304 - "http://localhost:3000/" "Mozilla/5.0 (Windows NT 6.1; Win64; x64) AppleWebKit/537.36 (KHTML, like Gecko) Chrome/63.0.3239.132 Safari/537.36"
::1 - - [Wed, 30 May 2018 07:08:09 GMT] "GET /stylesheets/style.css HTTP/1.1" 304 - "http://localhost:3000/" "Mozilla/5.0 (Windows NT 6.1; Win64; x64) AppleWebKit/537.36 (KHTML, like Gecko) Chrome/63.0.3239.132 Safari/537.36"
::1 - - [Wed, 30 May 2018 07:08:10 GMT] "GET /favicon.ico HTTP/1.1" 304 - "http://localhost:3000/" "Mozilla/5.0 (Windows NT 6.1; Win64; x64) AppleWebKit/537.36 (KHTML, like Gecko) Chrome/63.0.3239.132 Safari/537.36"
::1 - - [Wed, 30 May 2018 07:08:12 GMT] "GET /archive HTTP/1.1" 200 1141 "http://localhost:3000/" "Mozilla/5.0 (Windows NT 6.1; Win64; x64) AppleWebKit/537.36 (KHTML, like Gecko) Chrome/63.0.3239.132 Safari/537.36"
::1 - - [Wed, 30 May 2018 07:08:12 GMT] "GET /stylesheets/style.css HTTP/1.1" 304 - "http://localhost:3000/archive" "Mozilla/5.0 (Windows NT 6.1; Win64; x64) AppleWebKit/537.36 (KHTML, like Gecko) Chrome/63.0.3239.132 Safari/537.36"
::1 - - [Wed, 30 May 2018 07:08:13 GMT] "GET /favicon.ico HTTP/1.1" 304 - "http://localhost:3000/archive" "Mozilla/5.0 (Windows NT 6.1; Win64; x64) AppleWebKit/537.36 (KHTML, like Gecko) Chrome/63.0.3239.132 Safari/537.36"
::1 - - [Wed, 30 May 2018 07:08:14 GMT] "GET /tags HTTP/1.1" 200 1001 "http://localhost:3000/archive" "Mozilla/5.0 (Windows NT 6.1; Win64; x64) AppleWebKit/537.36 (KHTML, like Gecko) Chrome/63.0.3239.132 Safari/537.36"
::1 - - [Wed, 30 May 2018 07:08:14 GMT] "GET /stylesheets/style.css HTTP/1.1" 304 - "http://localhost:3000/tags" "Mozilla/5.0 (Windows NT 6.1; Win64; x64) AppleWebKit/537.36 (KHTML, like Gecko) Chrome/63.0.3239.132 Safari/537.36"
::1 - - [Wed, 30 May 2018 07:08:15 GMT] "GET /favicon.ico HTTP/1.1" 304 - "http://localhost:3000/tags" "Mozilla/5.0 (Windows NT 6.1; Win64; x64) AppleWebKit/537.36 (KHTML, like Gecko) Chrome/63.0.3239.132 Safari/537.36"
::1 - - [Wed, 30 May 2018 07:08:16 GMT] "GET /links HTTP/1.1" 200 1252 "http://localhost:3000/tags" "Mozilla/5.0 (Windows NT 6.1; Win64; x64) AppleWebKit/537.36 (KHTML, like Gecko) Chrome/63.0.3239.132 Safari/537.36"
::1 - - [Wed, 30 May 2018 07:08:16 GMT] "GET /stylesheets/style.css HTTP/1.1" 304 - "http://localhost:3000/links" "Mozilla/5.0 (Windows NT 6.1; Win64; x64) AppleWebKit/537.36 (KHTML, like Gecko) Chrome/63.0.3239.132 Safari/537.36"
::1 - - [Wed, 30 May 2018 07:08:17 GMT] "GET /favicon.ico HTTP/1.1" 304 - "http://localhost:3000/links" "Mozilla/5.0 (Windows NT 6.1; Win64; x64) AppleWebKit/537.36 (KHTML, like Gecko) Chrome/63.0.3239.132 Safari/537.36"
::1 - - [Wed, 30 May 2018 07:08:18 GMT] "GET /post HTTP/1.1" 200 1373 "http://localhost:3000/links" "Mozilla/5.0 (Windows NT 6.1; Win64; x64) AppleWebKit/537.36 (KHTML, like Gecko) Chrome/63.0.3239.132 Safari/537.36"
::1 - - [Wed, 30 May 2018 07:08:18 GMT] "GET /stylesheets/style.css HTTP/1.1" 304 - "http://localhost:3000/post" "Mozilla/5.0 (Windows NT 6.1; Win64; x64) AppleWebKit/537.36 (KHTML, like Gecko) Chrome/63.0.3239.132 Safari/537.36"
::1 - - [Wed, 30 May 2018 07:08:18 GMT] "GET /favicon.ico HTTP/1.1" 304 - "http://localhost:3000/post" "Mozilla/5.0 (Windows NT 6.1; Win64; x64) AppleWebKit/537.36 (KHTML, like Gecko) Chrome/63.0.3239.132 Safari/537.36"
::1 - - [Wed, 30 May 2018 07:08:20 GMT] "GET / HTTP/1.1" 304 - "http://localhost:3000/post" "Mozilla/5.0 (Windows NT 6.1; Win64; x64) AppleWebKit/537.36 (KHTML, like Gecko) Chrome/63.0.3239.132 Safari/537.36"
::1 - - [Wed, 30 May 2018 07:08:20 GMT] "GET /stylesheets/style.css HTTP/1.1" 304 - "http://localhost:3000/" "Mozilla/5.0 (Windows NT 6.1; Win64; x64) AppleWebKit/537.36 (KHTML, like Gecko) Chrome/63.0.3239.132 Safari/537.36"
::1 - - [Wed, 30 May 2018 07:08:21 GMT] "GET /favicon.ico HTTP/1.1" 304 - "http://localhost:3000/" "Mozilla/5.0 (Windows NT 6.1; Win64; x64) AppleWebKit/537.36 (KHTML, like Gecko) Chrome/63.0.3239.132 Safari/537.36"
::1 - - [Wed, 30 May 2018 07:08:23 GMT] "GET /search?keyword=f HTTP/1.1" 200 1163 "http://localhost:3000/" "Mozilla/5.0 (Windows NT 6.1; Win64; x64) AppleWebKit/537.36 (KHTML, like Gecko) Chrome/63.0.3239.132 Safari/537.36"
::1 - - [Wed, 30 May 2018 07:08:23 GMT] "GET /stylesheets/style.css HTTP/1.1" 304 - "http://localhost:3000/search?keyword=f" "Mozilla/5.0 (Windows NT 6.1; Win64; x64) AppleWebKit/537.36 (KHTML, like Gecko) Chrome/63.0.3239.132 Safari/537.36"
::1 - - [Wed, 30 May 2018 07:08:24 GMT] "GET /favicon.ico HTTP/1.1" 304 - "http://localhost:3000/search?keyword=f" "Mozilla/5.0 (Windows NT 6.1; Win64; x64) AppleWebKit/537.36 (KHTML, like Gecko) Chrome/63.0.3239.132 Safari/537.36"
::1 - - [Wed, 30 May 2018 07:20:30 GMT] "GET / HTTP/1.1" 304 - "http://localhost:3000/search?keyword=f" "Mozilla/5.0 (Windows NT 6.1; Win64; x64) AppleWebKit/537.36 (KHTML, like Gecko) Chrome/63.0.3239.132 Safari/537.36"
::1 - - [Wed, 30 May 2018 07:20:30 GMT] "GET /stylesheets/style.css HTTP/1.1" 304 - "http://localhost:3000/" "Mozilla/5.0 (Windows NT 6.1; Win64; x64) AppleWebKit/537.36 (KHTML, like Gecko) Chrome/63.0.3239.132 Safari/537.36"
::1 - - [Wed, 30 May 2018 07:20:30 GMT] "GET /favicon.ico HTTP/1.1" 304 - "http://localhost:3000/" "Mozilla/5.0 (Windows NT 6.1; Win64; x64) AppleWebKit/537.36 (KHTML, like Gecko) Chrome/63.0.3239.132 Safari/537.36"
::1 - - [Wed, 30 May 2018 07:20:31 GMT] "GET /archive HTTP/1.1" 304 - "http://localhost:3000/" "Mozilla/5.0 (Windows NT 6.1; Win64; x64) AppleWebKit/537.36 (KHTML, like Gecko) Chrome/63.0.3239.132 Safari/537.36"
::1 - - [Wed, 30 May 2018 07:20:31 GMT] "GET /stylesheets/style.css HTTP/1.1" 304 - "http://localhost:3000/archive" "Mozilla/5.0 (Windows NT 6.1; Win64; x64) AppleWebKit/537.36 (KHTML, like Gecko) Chrome/63.0.3239.132 Safari/537.36"
::1 - - [Wed, 30 May 2018 07:20:31 GMT] "GET /favicon.ico HTTP/1.1" 304 - "http://localhost:3000/archive" "Mozilla/5.0 (Windows NT 6.1; Win64; x64) AppleWebKit/537.36 (KHTML, like Gecko) Chrome/63.0.3239.132 Safari/537.36"
::1 - - [Wed, 30 May 2018 07:20:31 GMT] "GET /tags HTTP/1.1" 304 - "http://localhost:3000/archive" "Mozilla/5.0 (Windows NT 6.1; Win64; x64) AppleWebKit/537.36 (KHTML, like Gecko) Chrome/63.0.3239.132 Safari/537.36"
::1 - - [Wed, 30 May 2018 07:20:32 GMT] "GET /stylesheets/style.css HTTP/1.1" 304 - "http://localhost:3000/tags" "Mozilla/5.0 (Windows NT 6.1; Win64; x64) AppleWebKit/537.36 (KHTML, like Gecko) Chrome/63.0.3239.132 Safari/537.36"
::1 - - [Wed, 30 May 2018 07:20:32 GMT] "GET /favicon.ico HTTP/1.1" 304 - "http://localhost:3000/tags" "Mozilla/5.0 (Windows NT 6.1; Win64; x64) AppleWebKit/537.36 (KHTML, like Gecko) Chrome/63.0.3239.132 Safari/537.36"
::1 - - [Wed, 30 May 2018 07:20:32 GMT] "GET /links HTTP/1.1" 304 - "http://localhost:3000/tags" "Mozilla/5.0 (Windows NT 6.1; Win64; x64) AppleWebKit/537.36 (KHTML, like Gecko) Chrome/63.0.3239.132 Safari/537.36"
::1 - - [Wed, 30 May 2018 07:20:32 GMT] "GET /stylesheets/style.css HTTP/1.1" 304 - "http://localhost:3000/links" "Mozilla/5.0 (Windows NT 6.1; Win64; x64) AppleWebKit/537.36 (KHTML, like Gecko) Chrome/63.0.3239.132 Safari/537.36"
::1 - - [Wed, 30 May 2018 07:20:33 GMT] "GET /favicon.ico HTTP/1.1" 304 - "http://localhost:3000/links" "Mozilla/5.0 (Windows NT 6.1; Win64; x64) AppleWebKit/537.36 (KHTML, like Gecko) Chrome/63.0.3239.132 Safari/537.36"
::1 - - [Wed, 30 May 2018 07:20:33 GMT] "GET /post HTTP/1.1" 304 - "http://localhost:3000/links" "Mozilla/5.0 (Windows NT 6.1; Win64; x64) AppleWebKit/537.36 (KHTML, like Gecko) Chrome/63.0.3239.132 Safari/537.36"
::1 - - [Wed, 30 May 2018 07:20:33 GMT] "GET /stylesheets/style.css HTTP/1.1" 304 - "http://localhost:3000/post" "Mozilla/5.0 (Windows NT 6.1; Win64; x64) AppleWebKit/537.36 (KHTML, like Gecko) Chrome/63.0.3239.132 Safari/537.36"
::1 - - [Wed, 30 May 2018 07:20:33 GMT] "GET /favicon.ico HTTP/1.1" 304 - "http://localhost:3000/post" "Mozilla/5.0 (Windows NT 6.1; Win64; x64) AppleWebKit/537.36 (KHTML, like Gecko) Chrome/63.0.3239.132 Safari/537.36"
::1 - - [Wed, 30 May 2018 07:36:26 GMT] "GET / HTTP/1.1" 200 1517 "http://localhost:3000/post" "Mozilla/5.0 (Windows NT 6.1; Win64; x64) AppleWebKit/537.36 (KHTML, like Gecko) Chrome/63.0.3239.132 Safari/537.36"
::1 - - [Wed, 30 May 2018 07:36:26 GMT] "GET /stylesheets/style.css HTTP/1.1" 304 - "http://localhost:3000/" "Mozilla/5.0 (Windows NT 6.1; Win64; x64) AppleWebKit/537.36 (KHTML, like Gecko) Chrome/63.0.3239.132 Safari/537.36"
::1 - - [Wed, 30 May 2018 07:36:27 GMT] "GET /favicon.ico HTTP/1.1" 500 1526 "http://localhost:3000/" "Mozilla/5.0 (Windows NT 6.1; Win64; x64) AppleWebKit/537.36 (KHTML, like Gecko) Chrome/63.0.3239.132 Safari/537.36"
::1 - - [Wed, 30 May 2018 07:36:51 GMT] "GET / HTTP/1.1" 304 - "http://localhost:3000/" "Mozilla/5.0 (Windows NT 6.1; Win64; x64) AppleWebKit/537.36 (KHTML, like Gecko) Chrome/63.0.3239.132 Safari/537.36"
::1 - - [Wed, 30 May 2018 07:36:51 GMT] "GET /stylesheets/style.css HTTP/1.1" 304 - "http://localhost:3000/" "Mozilla/5.0 (Windows NT 6.1; Win64; x64) AppleWebKit/537.36 (KHTML, like Gecko) Chrome/63.0.3239.132 Safari/537.36"
::1 - - [Wed, 30 May 2018 07:36:52 GMT] "GET /favicon.ico HTTP/1.1" 500 1526 "http://localhost:3000/" "Mozilla/5.0 (Windows NT 6.1; Win64; x64) AppleWebKit/537.36 (KHTML, like Gecko) Chrome/63.0.3239.132 Safari/537.36"
::1 - - [Wed, 30 May 2018 07:36:53 GMT] "GET / HTTP/1.1" 304 - "http://localhost:3000/" "Mozilla/5.0 (Windows NT 6.1; Win64; x64) AppleWebKit/537.36 (KHTML, like Gecko) Chrome/63.0.3239.132 Safari/537.36"
::1 - - [Wed, 30 May 2018 07:36:53 GMT] "GET /stylesheets/style.css HTTP/1.1" 304 - "http://localhost:3000/" "Mozilla/5.0 (Windows NT 6.1; Win64; x64) AppleWebKit/537.36 (KHTML, like Gecko) Chrome/63.0.3239.132 Safari/537.36"
::1 - - [Wed, 30 May 2018 07:36:53 GMT] "GET /favicon.ico HTTP/1.1" 500 1526 "http://localhost:3000/" "Mozilla/5.0 (Windows NT 6.1; Win64; x64) AppleWebKit/537.36 (KHTML, like Gecko) Chrome/63.0.3239.132 Safari/537.36"
::1 - - [Wed, 30 May 2018 07:36:54 GMT] "GET /archive HTTP/1.1" 500 1526 "http://localhost:3000/" "Mozilla/5.0 (Windows NT 6.1; Win64; x64) AppleWebKit/537.36 (KHTML, like Gecko) Chrome/63.0.3239.132 Safari/537.36"
::1 - - [Wed, 30 May 2018 07:36:55 GMT] "GET /favicon.ico HTTP/1.1" 500 1526 "http://localhost:3000/archive" "Mozilla/5.0 (Windows NT 6.1; Win64; x64) AppleWebKit/537.36 (KHTML, like Gecko) Chrome/63.0.3239.132 Safari/537.36"
::1 - - [Wed, 30 May 2018 07:36:56 GMT] "GET /favicon.ico HTTP/1.1" 500 1526 "http://localhost:3000/" "Mozilla/5.0 (Windows NT 6.1; Win64; x64) AppleWebKit/537.36 (KHTML, like Gecko) Chrome/63.0.3239.132 Safari/537.36"
::1 - - [Wed, 30 May 2018 07:36:57 GMT] "GET / HTTP/1.1" 304 - "http://localhost:3000/" "Mozilla/5.0 (Windows NT 6.1; Win64; x64) AppleWebKit/537.36 (KHTML, like Gecko) Chrome/63.0.3239.132 Safari/537.36"
::1 - - [Wed, 30 May 2018 07:36:57 GMT] "GET /stylesheets/style.css HTTP/1.1" 304 - "http://localhost:3000/" "Mozilla/5.0 (Windows NT 6.1; Win64; x64) AppleWebKit/537.36 (KHTML, like Gecko) Chrome/63.0.3239.132 Safari/537.36"
::1 - - [Wed, 30 May 2018 07:36:58 GMT] "GET /favicon.ico HTTP/1.1" 500 1526 "http://localhost:3000/" "Mozilla/5.0 (Windows NT 6.1; Win64; x64) AppleWebKit/537.36 (KHTML, like Gecko) Chrome/63.0.3239.132 Safari/537.36"
::1 - - [Wed, 30 May 2018 07:37:00 GMT] "GET /tags HTTP/1.1" 500 1526 "http://localhost:3000/" "Mozilla/5.0 (Windows NT 6.1; Win64; x64) AppleWebKit/537.36 (KHTML, like Gecko) Chrome/63.0.3239.132 Safari/537.36"
::1 - - [Wed, 30 May 2018 07:37:00 GMT] "GET /favicon.ico HTTP/1.1" 500 1526 "http://localhost:3000/tags" "Mozilla/5.0 (Windows NT 6.1; Win64; x64) AppleWebKit/537.36 (KHTML, like Gecko) Chrome/63.0.3239.132 Safari/537.36"
::1 - - [Wed, 30 May 2018 07:37:03 GMT] "GET /favicon.ico HTTP/1.1" 500 1526 "http://localhost:3000/" "Mozilla/5.0 (Windows NT 6.1; Win64; x64) AppleWebKit/537.36 (KHTML, like Gecko) Chrome/63.0.3239.132 Safari/537.36"
::1 - - [Wed, 30 May 2018 07:37:04 GMT] "GET / HTTP/1.1" 304 - "http://localhost:3000/" "Mozilla/5.0 (Windows NT 6.1; Win64; x64) AppleWebKit/537.36 (KHTML, like Gecko) Chrome/63.0.3239.132 Safari/537.36"
::1 - - [Wed, 30 May 2018 07:37:04 GMT] "GET /stylesheets/style.css HTTP/1.1" 304 - "http://localhost:3000/" "Mozilla/5.0 (Windows NT 6.1; Win64; x64) AppleWebKit/537.36 (KHTML, like Gecko) Chrome/63.0.3239.132 Safari/537.36"
::1 - - [Wed, 30 May 2018 07:37:04 GMT] "GET /favicon.ico HTTP/1.1" 500 1526 "http://localhost:3000/" "Mozilla/5.0 (Windows NT 6.1; Win64; x64) AppleWebKit/537.36 (KHTML, like Gecko) Chrome/63.0.3239.132 Safari/537.36"
::1 - - [Wed, 30 May 2018 07:41:31 GMT] "GET / HTTP/1.1" 200 1691 "-" "Mozilla/5.0 (Windows NT 6.1; Win64; x64) AppleWebKit/537.36 (KHTML, like Gecko) Chrome/63.0.3239.132 Safari/537.36"
::1 - - [Wed, 30 May 2018 07:41:31 GMT] "GET /stylesheets/style.css HTTP/1.1" 304 - "http://localhost:3000/" "Mozilla/5.0 (Windows NT 6.1; Win64; x64) AppleWebKit/537.36 (KHTML, like Gecko) Chrome/63.0.3239.132 Safari/537.36"
::1 - - [Wed, 30 May 2018 07:41:32 GMT] "GET /favicon.ico HTTP/1.1" 200 224 "http://localhost:3000/" "Mozilla/5.0 (Windows NT 6.1; Win64; x64) AppleWebKit/537.36 (KHTML, like Gecko) Chrome/63.0.3239.132 Safari/537.36"
::1 - - [Wed, 30 May 2018 07:41:33 GMT] "GET / HTTP/1.1" 304 - "http://localhost:3000/" "Mozilla/5.0 (Windows NT 6.1; Win64; x64) AppleWebKit/537.36 (KHTML, like Gecko) Chrome/63.0.3239.132 Safari/537.36"
::1 - - [Wed, 30 May 2018 07:41:33 GMT] "GET /stylesheets/style.css HTTP/1.1" 304 - "http://localhost:3000/" "Mozilla/5.0 (Windows NT 6.1; Win64; x64) AppleWebKit/537.36 (KHTML, like Gecko) Chrome/63.0.3239.132 Safari/537.36"
::1 - - [Wed, 30 May 2018 07:41:33 GMT] "GET /favicon.ico HTTP/1.1" 304 - "http://localhost:3000/" "Mozilla/5.0 (Windows NT 6.1; Win64; x64) AppleWebKit/537.36 (KHTML, like Gecko) Chrome/63.0.3239.132 Safari/537.36"
::1 - - [Wed, 30 May 2018 07:41:33 GMT] "GET /archive HTTP/1.1" 200 1141 "http://localhost:3000/" "Mozilla/5.0 (Windows NT 6.1; Win64; x64) AppleWebKit/537.36 (KHTML, like Gecko) Chrome/63.0.3239.132 Safari/537.36"
::1 - - [Wed, 30 May 2018 07:41:33 GMT] "GET /stylesheets/style.css HTTP/1.1" 304 - "http://localhost:3000/archive" "Mozilla/5.0 (Windows NT 6.1; Win64; x64) AppleWebKit/537.36 (KHTML, like Gecko) Chrome/63.0.3239.132 Safari/537.36"
::1 - - [Wed, 30 May 2018 07:41:34 GMT] "GET /favicon.ico HTTP/1.1" 304 - "http://localhost:3000/archive" "Mozilla/5.0 (Windows NT 6.1; Win64; x64) AppleWebKit/537.36 (KHTML, like Gecko) Chrome/63.0.3239.132 Safari/537.36"
::1 - - [Wed, 30 May 2018 07:41:34 GMT] "GET /tags HTTP/1.1" 200 1001 "http://localhost:3000/archive" "Mozilla/5.0 (Windows NT 6.1; Win64; x64) AppleWebKit/537.36 (KHTML, like Gecko) Chrome/63.0.3239.132 Safari/537.36"
::1 - - [Wed, 30 May 2018 07:41:34 GMT] "GET /stylesheets/style.css HTTP/1.1" 304 - "http://localhost:3000/tags" "Mozilla/5.0 (Windows NT 6.1; Win64; x64) AppleWebKit/537.36 (KHTML, like Gecko) Chrome/63.0.3239.132 Safari/537.36"
::1 - - [Wed, 30 May 2018 07:41:34 GMT] "GET /favicon.ico HTTP/1.1" 304 - "http://localhost:3000/tags" "Mozilla/5.0 (Windows NT 6.1; Win64; x64) AppleWebKit/537.36 (KHTML, like Gecko) Chrome/63.0.3239.132 Safari/537.36"
::1 - - [Wed, 30 May 2018 07:41:34 GMT] "GET /links HTTP/1.1" 304 - "http://localhost:3000/tags" "Mozilla/5.0 (Windows NT 6.1; Win64; x64) AppleWebKit/537.36 (KHTML, like Gecko) Chrome/63.0.3239.132 Safari/537.36"
::1 - - [Wed, 30 May 2018 07:41:34 GMT] "GET /stylesheets/style.css HTTP/1.1" 304 - "http://localhost:3000/links" "Mozilla/5.0 (Windows NT 6.1; Win64; x64) AppleWebKit/537.36 (KHTML, like Gecko) Chrome/63.0.3239.132 Safari/537.36"
::1 - - [Wed, 30 May 2018 07:41:35 GMT] "GET /post HTTP/1.1" 304 - "http://localhost:3000/links" "Mozilla/5.0 (Windows NT 6.1; Win64; x64) AppleWebKit/537.36 (KHTML, like Gecko) Chrome/63.0.3239.132 Safari/537.36"
::1 - - [Wed, 30 May 2018 07:41:35 GMT] "GET /stylesheets/style.css HTTP/1.1" 304 - "http://localhost:3000/post" "Mozilla/5.0 (Windows NT 6.1; Win64; x64) AppleWebKit/537.36 (KHTML, like Gecko) Chrome/63.0.3239.132 Safari/537.36"
::1 - - [Wed, 30 May 2018 07:41:35 GMT] "GET /favicon.ico HTTP/1.1" 304 - "http://localhost:3000/post" "Mozilla/5.0 (Windows NT 6.1; Win64; x64) AppleWebKit/537.36 (KHTML, like Gecko) Chrome/63.0.3239.132 Safari/537.36"
::1 - - [Wed, 30 May 2018 07:41:36 GMT] "GET /links HTTP/1.1" 304 - "http://localhost:3000/post" "Mozilla/5.0 (Windows NT 6.1; Win64; x64) AppleWebKit/537.36 (KHTML, like Gecko) Chrome/63.0.3239.132 Safari/537.36"
::1 - - [Wed, 30 May 2018 07:41:36 GMT] "GET /stylesheets/style.css HTTP/1.1" 304 - "http://localhost:3000/links" "Mozilla/5.0 (Windows NT 6.1; Win64; x64) AppleWebKit/537.36 (KHTML, like Gecko) Chrome/63.0.3239.132 Safari/537.36"
::1 - - [Wed, 30 May 2018 07:41:36 GMT] "GET /favicon.ico HTTP/1.1" 304 - "http://localhost:3000/links" "Mozilla/5.0 (Windows NT 6.1; Win64; x64) AppleWebKit/537.36 (KHTML, like Gecko) Chrome/63.0.3239.132 Safari/537.36"
::1 - - [Wed, 30 May 2018 07:41:36 GMT] "GET /tags HTTP/1.1" 304 - "http://localhost:3000/links" "Mozilla/5.0 (Windows NT 6.1; Win64; x64) AppleWebKit/537.36 (KHTML, like Gecko) Chrome/63.0.3239.132 Safari/537.36"
::1 - - [Wed, 30 May 2018 07:41:36 GMT] "GET /stylesheets/style.css HTTP/1.1" 304 - "http://localhost:3000/tags" "Mozilla/5.0 (Windows NT 6.1; Win64; x64) AppleWebKit/537.36 (KHTML, like Gecko) Chrome/63.0.3239.132 Safari/537.36"
::1 - - [Wed, 30 May 2018 07:41:36 GMT] "GET /favicon.ico HTTP/1.1" 304 - "http://localhost:3000/tags" "Mozilla/5.0 (Windows NT 6.1; Win64; x64) AppleWebKit/537.36 (KHTML, like Gecko) Chrome/63.0.3239.132 Safari/537.36"
::1 - - [Wed, 30 May 2018 07:41:38 GMT] "GET / HTTP/1.1" 304 - "http://localhost:3000/tags" "Mozilla/5.0 (Windows NT 6.1; Win64; x64) AppleWebKit/537.36 (KHTML, like Gecko) Chrome/63.0.3239.132 Safari/537.36"
::1 - - [Wed, 30 May 2018 07:41:38 GMT] "GET /stylesheets/style.css HTTP/1.1" 304 - "http://localhost:3000/" "Mozilla/5.0 (Windows NT 6.1; Win64; x64) AppleWebKit/537.36 (KHTML, like Gecko) Chrome/63.0.3239.132 Safari/537.36"
::1 - - [Wed, 30 May 2018 07:41:39 GMT] "GET /favicon.ico HTTP/1.1" 304 - "http://localhost:3000/" "Mozilla/5.0 (Windows NT 6.1; Win64; x64) AppleWebKit/537.36 (KHTML, like Gecko) Chrome/63.0.3239.132 Safari/537.36"
::1 - - [Wed, 30 May 2018 07:49:22 GMT] "GET / HTTP/1.1" 200 2364 "http://localhost:3000/" "Mozilla/5.0 (Windows NT 6.1; Win64; x64) AppleWebKit/537.36 (KHTML, like Gecko) Chrome/63.0.3239.132 Safari/537.36"
::1 - - [Wed, 30 May 2018 07:49:22 GMT] "GET /stylesheets/style.css HTTP/1.1" 304 - "http://localhost:3000/" "Mozilla/5.0 (Windows NT 6.1; Win64; x64) AppleWebKit/537.36 (KHTML, like Gecko) Chrome/63.0.3239.132 Safari/537.36"
::1 - - [Wed, 30 May 2018 07:49:22 GMT] "GET /KindEditor/kindeditor-min.js HTTP/1.1" 200 224 "http://localhost:3000/" "Mozilla/5.0 (Windows NT 6.1; Win64; x64) AppleWebKit/537.36 (KHTML, like Gecko) Chrome/63.0.3239.132 Safari/537.36"
::1 - - [Wed, 30 May 2018 07:49:22 GMT] "GET /KindEditor/lang/zh_CN.js HTTP/1.1" 200 224 "http://localhost:3000/" "Mozilla/5.0 (Windows NT 6.1; Win64; x64) AppleWebKit/537.36 (KHTML, like Gecko) Chrome/63.0.3239.132 Safari/537.36"
::1 - - [Wed, 30 May 2018 07:49:22 GMT] "GET /favicon.ico HTTP/1.1" 304 - "http://localhost:3000/" "Mozilla/5.0 (Windows NT 6.1; Win64; x64) AppleWebKit/537.36 (KHTML, like Gecko) Chrome/63.0.3239.132 Safari/537.36"
::1 - - [Wed, 30 May 2018 07:49:23 GMT] "GET /archive HTTP/1.1" 200 1821 "http://localhost:3000/" "Mozilla/5.0 (Windows NT 6.1; Win64; x64) AppleWebKit/537.36 (KHTML, like Gecko) Chrome/63.0.3239.132 Safari/537.36"
::1 - - [Wed, 30 May 2018 07:49:23 GMT] "GET /stylesheets/style.css HTTP/1.1" 304 - "http://localhost:3000/archive" "Mozilla/5.0 (Windows NT 6.1; Win64; x64) AppleWebKit/537.36 (KHTML, like Gecko) Chrome/63.0.3239.132 Safari/537.36"
::1 - - [Wed, 30 May 2018 07:49:23 GMT] "GET /KindEditor/kindeditor-min.js HTTP/1.1" 304 - "http://localhost:3000/archive" "Mozilla/5.0 (Windows NT 6.1; Win64; x64) AppleWebKit/537.36 (KHTML, like Gecko) Chrome/63.0.3239.132 Safari/537.36"
::1 - - [Wed, 30 May 2018 07:49:23 GMT] "GET /KindEditor/lang/zh_CN.js HTTP/1.1" 304 - "http://localhost:3000/archive" "Mozilla/5.0 (Windows NT 6.1; Win64; x64) AppleWebKit/537.36 (KHTML, like Gecko) Chrome/63.0.3239.132 Safari/537.36"
::1 - - [Wed, 30 May 2018 07:49:23 GMT] "GET /favicon.ico HTTP/1.1" 304 - "http://localhost:3000/archive" "Mozilla/5.0 (Windows NT 6.1; Win64; x64) AppleWebKit/537.36 (KHTML, like Gecko) Chrome/63.0.3239.132 Safari/537.36"
::1 - - [Wed, 30 May 2018 07:49:24 GMT] "GET /links HTTP/1.1" 200 1932 "http://localhost:3000/archive" "Mozilla/5.0 (Windows NT 6.1; Win64; x64) AppleWebKit/537.36 (KHTML, like Gecko) Chrome/63.0.3239.132 Safari/537.36"
::1 - - [Wed, 30 May 2018 07:49:25 GMT] "GET /stylesheets/style.css HTTP/1.1" 304 - "http://localhost:3000/links" "Mozilla/5.0 (Windows NT 6.1; Win64; x64) AppleWebKit/537.36 (KHTML, like Gecko) Chrome/63.0.3239.132 Safari/537.36"
::1 - - [Wed, 30 May 2018 07:49:25 GMT] "GET /KindEditor/kindeditor-min.js HTTP/1.1" 304 - "http://localhost:3000/links" "Mozilla/5.0 (Windows NT 6.1; Win64; x64) AppleWebKit/537.36 (KHTML, like Gecko) Chrome/63.0.3239.132 Safari/537.36"
::1 - - [Wed, 30 May 2018 07:49:25 GMT] "GET /KindEditor/lang/zh_CN.js HTTP/1.1" 304 - "http://localhost:3000/links" "Mozilla/5.0 (Windows NT 6.1; Win64; x64) AppleWebKit/537.36 (KHTML, like Gecko) Chrome/63.0.3239.132 Safari/537.36"
::1 - - [Wed, 30 May 2018 07:49:25 GMT] "GET /favicon.ico HTTP/1.1" 304 - "http://localhost:3000/links" "Mozilla/5.0 (Windows NT 6.1; Win64; x64) AppleWebKit/537.36 (KHTML, like Gecko) Chrome/63.0.3239.132 Safari/537.36"
::1 - - [Wed, 30 May 2018 07:49:25 GMT] "GET /post HTTP/1.1" 200 2053 "http://localhost:3000/links" "Mozilla/5.0 (Windows NT 6.1; Win64; x64) AppleWebKit/537.36 (KHTML, like Gecko) Chrome/63.0.3239.132 Safari/537.36"
::1 - - [Wed, 30 May 2018 07:49:25 GMT] "GET /stylesheets/style.css HTTP/1.1" 304 - "http://localhost:3000/post" "Mozilla/5.0 (Windows NT 6.1; Win64; x64) AppleWebKit/537.36 (KHTML, like Gecko) Chrome/63.0.3239.132 Safari/537.36"
::1 - - [Wed, 30 May 2018 07:49:25 GMT] "GET /KindEditor/lang/zh_CN.js HTTP/1.1" 304 - "http://localhost:3000/post" "Mozilla/5.0 (Windows NT 6.1; Win64; x64) AppleWebKit/537.36 (KHTML, like Gecko) Chrome/63.0.3239.132 Safari/537.36"
::1 - - [Wed, 30 May 2018 07:49:25 GMT] "GET /KindEditor/kindeditor-min.js HTTP/1.1" 304 - "http://localhost:3000/post" "Mozilla/5.0 (Windows NT 6.1; Win64; x64) AppleWebKit/537.36 (KHTML, like Gecko) Chrome/63.0.3239.132 Safari/537.36"
::1 - - [Wed, 30 May 2018 07:49:25 GMT] "GET /favicon.ico HTTP/1.1" 304 - "http://localhost:3000/post" "Mozilla/5.0 (Windows NT 6.1; Win64; x64) AppleWebKit/537.36 (KHTML, like Gecko) Chrome/63.0.3239.132 Safari/537.36"
::1 - - [Wed, 30 May 2018 07:49:28 GMT] "GET /post HTTP/1.1" 304 - "http://localhost:3000/links" "Mozilla/5.0 (Windows NT 6.1; Win64; x64) AppleWebKit/537.36 (KHTML, like Gecko) Chrome/63.0.3239.132 Safari/537.36"
::1 - - [Wed, 30 May 2018 07:49:28 GMT] "GET /stylesheets/style.css HTTP/1.1" 304 - "http://localhost:3000/post" "Mozilla/5.0 (Windows NT 6.1; Win64; x64) AppleWebKit/537.36 (KHTML, like Gecko) Chrome/63.0.3239.132 Safari/537.36"
::1 - - [Wed, 30 May 2018 07:49:28 GMT] "GET /KindEditor/kindeditor-min.js HTTP/1.1" 304 - "http://localhost:3000/post" "Mozilla/5.0 (Windows NT 6.1; Win64; x64) AppleWebKit/537.36 (KHTML, like Gecko) Chrome/63.0.3239.132 Safari/537.36"
::1 - - [Wed, 30 May 2018 07:49:28 GMT] "GET /KindEditor/lang/zh_CN.js HTTP/1.1" 304 - "http://localhost:3000/post" "Mozilla/5.0 (Windows NT 6.1; Win64; x64) AppleWebKit/537.36 (KHTML, like Gecko) Chrome/63.0.3239.132 Safari/537.36"
::1 - - [Wed, 30 May 2018 07:49:29 GMT] "GET /favicon.ico HTTP/1.1" 200 224 "http://localhost:3000/post" "Mozilla/5.0 (Windows NT 6.1; Win64; x64) AppleWebKit/537.36 (KHTML, like Gecko) Chrome/63.0.3239.132 Safari/537.36"
::1 - - [Wed, 30 May 2018 07:49:31 GMT] "GET /post HTTP/1.1" 304 - "http://localhost:3000/links" "Mozilla/5.0 (Windows NT 6.1; Win64; x64) AppleWebKit/537.36 (KHTML, like Gecko) Chrome/63.0.3239.132 Safari/537.36"
::1 - - [Wed, 30 May 2018 07:49:31 GMT] "GET /stylesheets/style.css HTTP/1.1" 304 - "http://localhost:3000/post" "Mozilla/5.0 (Windows NT 6.1; Win64; x64) AppleWebKit/537.36 (KHTML, like Gecko) Chrome/63.0.3239.132 Safari/537.36"
::1 - - [Wed, 30 May 2018 07:49:31 GMT] "GET /KindEditor/kindeditor-min.js HTTP/1.1" 304 - "http://localhost:3000/post" "Mozilla/5.0 (Windows NT 6.1; Win64; x64) AppleWebKit/537.36 (KHTML, like Gecko) Chrome/63.0.3239.132 Safari/537.36"
::1 - - [Wed, 30 May 2018 07:49:31 GMT] "GET /KindEditor/lang/zh_CN.js HTTP/1.1" 304 - "http://localhost:3000/post" "Mozilla/5.0 (Windows NT 6.1; Win64; x64) AppleWebKit/537.36 (KHTML, like Gecko) Chrome/63.0.3239.132 Safari/537.36"
::1 - - [Wed, 30 May 2018 07:49:31 GMT] "GET /favicon.ico HTTP/1.1" 200 224 "http://localhost:3000/post" "Mozilla/5.0 (Windows NT 6.1; Win64; x64) AppleWebKit/537.36 (KHTML, like Gecko) Chrome/63.0.3239.132 Safari/537.36"
::1 - - [Wed, 30 May 2018 07:49:39 GMT] "GET /stylesheets/style.css HTTP/1.1" 304 - "http://localhost:3000/post" "Mozilla/5.0 (Windows NT 6.1; Win64; x64) AppleWebKit/537.36 (KHTML, like Gecko) Chrome/63.0.3239.132 Safari/537.36"
::1 - - [Wed, 30 May 2018 07:50:12 GMT] "GET /post HTTP/1.1" 200 2053 "http://localhost:3000/links" "Mozilla/5.0 (Windows NT 6.1; Win64; x64) AppleWebKit/537.36 (KHTML, like Gecko) Chrome/63.0.3239.132 Safari/537.36"
::1 - - [Wed, 30 May 2018 07:50:12 GMT] "GET /KindEditor/lang/zh_CN.js HTTP/1.1" 200 224 "http://localhost:3000/post" "Mozilla/5.0 (Windows NT 6.1; Win64; x64) AppleWebKit/537.36 (KHTML, like Gecko) Chrome/63.0.3239.132 Safari/537.36"
::1 - - [Wed, 30 May 2018 07:50:12 GMT] "GET /KindEditor/kindeditor-min.js HTTP/1.1" 200 224 "http://localhost:3000/post" "Mozilla/5.0 (Windows NT 6.1; Win64; x64) AppleWebKit/537.36 (KHTML, like Gecko) Chrome/63.0.3239.132 Safari/537.36"
::1 - - [Wed, 30 May 2018 07:50:12 GMT] "GET /stylesheets/style.css HTTP/1.1" 200 1992 "http://localhost:3000/post" "Mozilla/5.0 (Windows NT 6.1; Win64; x64) AppleWebKit/537.36 (KHTML, like Gecko) Chrome/63.0.3239.132 Safari/537.36"
::1 - - [Wed, 30 May 2018 07:50:12 GMT] "GET /favicon.ico HTTP/1.1" 200 224 "http://localhost:3000/post" "Mozilla/5.0 (Windows NT 6.1; Win64; x64) AppleWebKit/537.36 (KHTML, like Gecko) Chrome/63.0.3239.132 Safari/537.36"
::1 - - [Wed, 30 May 2018 07:50:13 GMT] "GET /post HTTP/1.1" 200 2053 "http://localhost:3000/links" "Mozilla/5.0 (Windows NT 6.1; Win64; x64) AppleWebKit/537.36 (KHTML, like Gecko) Chrome/63.0.3239.132 Safari/537.36"
::1 - - [Wed, 30 May 2018 07:50:13 GMT] "GET /KindEditor/kindeditor-min.js HTTP/1.1" 200 224 "http://localhost:3000/post" "Mozilla/5.0 (Windows NT 6.1; Win64; x64) AppleWebKit/537.36 (KHTML, like Gecko) Chrome/63.0.3239.132 Safari/537.36"
::1 - - [Wed, 30 May 2018 07:50:13 GMT] "GET /stylesheets/style.css HTTP/1.1" 200 1992 "http://localhost:3000/post" "Mozilla/5.0 (Windows NT 6.1; Win64; x64) AppleWebKit/537.36 (KHTML, like Gecko) Chrome/63.0.3239.132 Safari/537.36"
::1 - - [Wed, 30 May 2018 07:50:13 GMT] "GET /KindEditor/lang/zh_CN.js HTTP/1.1" 200 224 "http://localhost:3000/post" "Mozilla/5.0 (Windows NT 6.1; Win64; x64) AppleWebKit/537.36 (KHTML, like Gecko) Chrome/63.0.3239.132 Safari/537.36"
::1 - - [Wed, 30 May 2018 07:50:13 GMT] "GET /favicon.ico HTTP/1.1" 200 224 "http://localhost:3000/post" "Mozilla/5.0 (Windows NT 6.1; Win64; x64) AppleWebKit/537.36 (KHTML, like Gecko) Chrome/63.0.3239.132 Safari/537.36"
::1 - - [Wed, 30 May 2018 07:52:19 GMT] "GET /post HTTP/1.1" 200 2075 "-" "Mozilla/5.0 (Windows NT 6.1; Win64; x64) AppleWebKit/537.36 (KHTML, like Gecko) Chrome/63.0.3239.132 Safari/537.36"
::1 - - [Wed, 30 May 2018 07:52:19 GMT] "GET /public/kindeditor/lang/zh-CN.js HTTP/1.1" 200 224 "http://localhost:3000/post" "Mozilla/5.0 (Windows NT 6.1; Win64; x64) AppleWebKit/537.36 (KHTML, like Gecko) Chrome/63.0.3239.132 Safari/537.36"
::ffff:127.0.0.1 - - [Wed, 30 May 2018 07:52:19 GMT] "GET /public/kindeditor/kindeditor-all-min.js HTTP/1.1" 200 224 "http://localhost:3000/post" "Mozilla/5.0 (Windows NT 6.1; Win64; x64) AppleWebKit/537.36 (KHTML, like Gecko) Chrome/63.0.3239.132 Safari/537.36"
::1 - - [Wed, 30 May 2018 07:52:19 GMT] "GET /stylesheets/style.css HTTP/1.1" 200 1992 "http://localhost:3000/post" "Mozilla/5.0 (Windows NT 6.1; Win64; x64) AppleWebKit/537.36 (KHTML, like Gecko) Chrome/63.0.3239.132 Safari/537.36"
::ffff:127.0.0.1 - - [Wed, 30 May 2018 07:52:20 GMT] "GET /favicon.ico HTTP/1.1" 200 224 "http://localhost:3000/post" "Mozilla/5.0 (Windows NT 6.1; Win64; x64) AppleWebKit/537.36 (KHTML, like Gecko) Chrome/63.0.3239.132 Safari/537.36"
::ffff:127.0.0.1 - - [Wed, 30 May 2018 07:52:20 GMT] "GET /post HTTP/1.1" 200 2075 "-" "Mozilla/5.0 (Windows NT 6.1; Win64; x64) AppleWebKit/537.36 (KHTML, like Gecko) Chrome/63.0.3239.132 Safari/537.36"
::1 - - [Wed, 30 May 2018 07:52:21 GMT] "GET /public/kindeditor/kindeditor-all-min.js HTTP/1.1" 200 224 "http://localhost:3000/post" "Mozilla/5.0 (Windows NT 6.1; Win64; x64) AppleWebKit/537.36 (KHTML, like Gecko) Chrome/63.0.3239.132 Safari/537.36"
::ffff:127.0.0.1 - - [Wed, 30 May 2018 07:52:21 GMT] "GET /stylesheets/style.css HTTP/1.1" 200 1992 "http://localhost:3000/post" "Mozilla/5.0 (Windows NT 6.1; Win64; x64) AppleWebKit/537.36 (KHTML, like Gecko) Chrome/63.0.3239.132 Safari/537.36"
::1 - - [Wed, 30 May 2018 07:52:21 GMT] "GET /public/kindeditor/lang/zh-CN.js HTTP/1.1" 200 224 "http://localhost:3000/post" "Mozilla/5.0 (Windows NT 6.1; Win64; x64) AppleWebKit/537.36 (KHTML, like Gecko) Chrome/63.0.3239.132 Safari/537.36"
::1 - - [Wed, 30 May 2018 07:52:21 GMT] "GET /favicon.ico HTTP/1.1" 200 224 "http://localhost:3000/post" "Mozilla/5.0 (Windows NT 6.1; Win64; x64) AppleWebKit/537.36 (KHTML, like Gecko) Chrome/63.0.3239.132 Safari/537.36"
::1 - - [Wed, 30 May 2018 07:52:22 GMT] "GET /post HTTP/1.1" 200 2075 "-" "Mozilla/5.0 (Windows NT 6.1; Win64; x64) AppleWebKit/537.36 (KHTML, like Gecko) Chrome/63.0.3239.132 Safari/537.36"
::1 - - [Wed, 30 May 2018 07:52:22 GMT] "GET /stylesheets/style.css HTTP/1.1" 200 1992 "http://localhost:3000/post" "Mozilla/5.0 (Windows NT 6.1; Win64; x64) AppleWebKit/537.36 (KHTML, like Gecko) Chrome/63.0.3239.132 Safari/537.36"
::ffff:127.0.0.1 - - [Wed, 30 May 2018 07:52:22 GMT] "GET /public/kindeditor/kindeditor-all-min.js HTTP/1.1" 200 224 "http://localhost:3000/post" "Mozilla/5.0 (Windows NT 6.1; Win64; x64) AppleWebKit/537.36 (KHTML, like Gecko) Chrome/63.0.3239.132 Safari/537.36"
::1 - - [Wed, 30 May 2018 07:52:22 GMT] "GET /public/kindeditor/lang/zh-CN.js HTTP/1.1" 200 224 "http://localhost:3000/post" "Mozilla/5.0 (Windows NT 6.1; Win64; x64) AppleWebKit/537.36 (KHTML, like Gecko) Chrome/63.0.3239.132 Safari/537.36"
::1 - - [Wed, 30 May 2018 07:52:23 GMT] "GET /favicon.ico HTTP/1.1" 200 224 "http://localhost:3000/post" "Mozilla/5.0 (Windows NT 6.1; Win64; x64) AppleWebKit/537.36 (KHTML, like Gecko) Chrome/63.0.3239.132 Safari/537.36"
::1 - - [Wed, 30 May 2018 07:52:25 GMT] "GET /post HTTP/1.1" 200 2075 "-" "Mozilla/5.0 (Windows NT 6.1; Win64; x64) AppleWebKit/537.36 (KHTML, like Gecko) Chrome/63.0.3239.132 Safari/537.36"
::ffff:127.0.0.1 - - [Wed, 30 May 2018 07:52:25 GMT] "GET /public/kindeditor/kindeditor-all-min.js HTTP/1.1" 200 224 "http://localhost:3000/post" "Mozilla/5.0 (Windows NT 6.1; Win64; x64) AppleWebKit/537.36 (KHTML, like Gecko) Chrome/63.0.3239.132 Safari/537.36"
::1 - - [Wed, 30 May 2018 07:52:25 GMT] "GET /public/kindeditor/lang/zh-CN.js HTTP/1.1" 200 224 "http://localhost:3000/post" "Mozilla/5.0 (Windows NT 6.1; Win64; x64) AppleWebKit/537.36 (KHTML, like Gecko) Chrome/63.0.3239.132 Safari/537.36"
::1 - - [Wed, 30 May 2018 07:52:25 GMT] "GET /stylesheets/style.css HTTP/1.1" 200 1992 "http://localhost:3000/post" "Mozilla/5.0 (Windows NT 6.1; Win64; x64) AppleWebKit/537.36 (KHTML, like Gecko) Chrome/63.0.3239.132 Safari/537.36"
::1 - - [Wed, 30 May 2018 07:52:26 GMT] "GET /favicon.ico HTTP/1.1" 200 224 "http://localhost:3000/post" "Mozilla/5.0 (Windows NT 6.1; Win64; x64) AppleWebKit/537.36 (KHTML, like Gecko) Chrome/63.0.3239.132 Safari/537.36"
::1 - - [Wed, 30 May 2018 07:52:26 GMT] "GET /post HTTP/1.1" 200 2075 "-" "Mozilla/5.0 (Windows NT 6.1; Win64; x64) AppleWebKit/537.36 (KHTML, like Gecko) Chrome/63.0.3239.132 Safari/537.36"
::1 - - [Wed, 30 May 2018 07:52:26 GMT] "GET /public/kindeditor/kindeditor-all-min.js HTTP/1.1" 200 224 "http://localhost:3000/post" "Mozilla/5.0 (Windows NT 6.1; Win64; x64) AppleWebKit/537.36 (KHTML, like Gecko) Chrome/63.0.3239.132 Safari/537.36"
::ffff:127.0.0.1 - - [Wed, 30 May 2018 07:52:26 GMT] "GET /public/kindeditor/lang/zh-CN.js HTTP/1.1" 200 224 "http://localhost:3000/post" "Mozilla/5.0 (Windows NT 6.1; Win64; x64) AppleWebKit/537.36 (KHTML, like Gecko) Chrome/63.0.3239.132 Safari/537.36"
::1 - - [Wed, 30 May 2018 07:52:26 GMT] "GET /stylesheets/style.css HTTP/1.1" 200 1992 "http://localhost:3000/post" "Mozilla/5.0 (Windows NT 6.1; Win64; x64) AppleWebKit/537.36 (KHTML, like Gecko) Chrome/63.0.3239.132 Safari/537.36"
::1 - - [Wed, 30 May 2018 07:52:27 GMT] "GET /favicon.ico HTTP/1.1" 200 224 "http://localhost:3000/post" "Mozilla/5.0 (Windows NT 6.1; Win64; x64) AppleWebKit/537.36 (KHTML, like Gecko) Chrome/63.0.3239.132 Safari/537.36"
::1 - - [Wed, 30 May 2018 07:52:42 GMT] "GET /post HTTP/1.1" 200 2075 "-" "Mozilla/5.0 (Windows NT 6.1; Win64; x64) AppleWebKit/537.36 (KHTML, like Gecko) Chrome/63.0.3239.132 Safari/537.36"
::1 - - [Wed, 30 May 2018 07:52:42 GMT] "GET /public/kindeditor/lang/zh-CN.js HTTP/1.1" 200 224 "http://localhost:3000/post" "Mozilla/5.0 (Windows NT 6.1; Win64; x64) AppleWebKit/537.36 (KHTML, like Gecko) Chrome/63.0.3239.132 Safari/537.36"
::1 - - [Wed, 30 May 2018 07:52:42 GMT] "GET /public/kindeditor/kindeditor-all-min.js HTTP/1.1" 200 224 "http://localhost:3000/post" "Mozilla/5.0 (Windows NT 6.1; Win64; x64) AppleWebKit/537.36 (KHTML, like Gecko) Chrome/63.0.3239.132 Safari/537.36"
::1 - - [Wed, 30 May 2018 07:52:42 GMT] "GET /stylesheets/style.css HTTP/1.1" 200 1992 "http://localhost:3000/post" "Mozilla/5.0 (Windows NT 6.1; Win64; x64) AppleWebKit/537.36 (KHTML, like Gecko) Chrome/63.0.3239.132 Safari/537.36"
::1 - - [Wed, 30 May 2018 07:52:43 GMT] "GET /favicon.ico HTTP/1.1" 200 224 "http://localhost:3000/post" "Mozilla/5.0 (Windows NT 6.1; Win64; x64) AppleWebKit/537.36 (KHTML, like Gecko) Chrome/63.0.3239.132 Safari/537.36"
::1 - - [Wed, 30 May 2018 07:54:56 GMT] "GET /post HTTP/1.1" 200 1712 "-" "Mozilla/5.0 (Windows NT 6.1; Win64; x64) AppleWebKit/537.36 (KHTML, like Gecko) Chrome/63.0.3239.132 Safari/537.36"
::1 - - [Wed, 30 May 2018 07:54:56 GMT] "GET /public/kindeditor/kindeditor-all-min.js HTTP/1.1" 200 224 "http://localhost:3000/post" "Mozilla/5.0 (Windows NT 6.1; Win64; x64) AppleWebKit/537.36 (KHTML, like Gecko) Chrome/63.0.3239.132 Safari/537.36"
::1 - - [Wed, 30 May 2018 07:54:56 GMT] "GET /stylesheets/style.css HTTP/1.1" 200 1992 "http://localhost:3000/post" "Mozilla/5.0 (Windows NT 6.1; Win64; x64) AppleWebKit/537.36 (KHTML, like Gecko) Chrome/63.0.3239.132 Safari/537.36"
::1 - - [Wed, 30 May 2018 07:54:56 GMT] "GET /public/kindeditor/lang/zh-CN.js HTTP/1.1" 200 224 "http://localhost:3000/post" "Mozilla/5.0 (Windows NT 6.1; Win64; x64) AppleWebKit/537.36 (KHTML, like Gecko) Chrome/63.0.3239.132 Safari/537.36"
::1 - - [Wed, 30 May 2018 07:54:57 GMT] "GET /favicon.ico HTTP/1.1" 200 224 "http://localhost:3000/post" "Mozilla/5.0 (Windows NT 6.1; Win64; x64) AppleWebKit/537.36 (KHTML, like Gecko) Chrome/63.0.3239.132 Safari/537.36"
::1 - - [Wed, 30 May 2018 07:54:59 GMT] "GET /post HTTP/1.1" 200 1712 "-" "Mozilla/5.0 (Windows NT 6.1; Win64; x64) AppleWebKit/537.36 (KHTML, like Gecko) Chrome/63.0.3239.132 Safari/537.36"
::1 - - [Wed, 30 May 2018 07:54:59 GMT] "GET /public/kindeditor/lang/zh-CN.js HTTP/1.1" 200 224 "http://localhost:3000/post" "Mozilla/5.0 (Windows NT 6.1; Win64; x64) AppleWebKit/537.36 (KHTML, like Gecko) Chrome/63.0.3239.132 Safari/537.36"
::1 - - [Wed, 30 May 2018 07:54:59 GMT] "GET /public/kindeditor/kindeditor-all-min.js HTTP/1.1" 200 224 "http://localhost:3000/post" "Mozilla/5.0 (Windows NT 6.1; Win64; x64) AppleWebKit/537.36 (KHTML, like Gecko) Chrome/63.0.3239.132 Safari/537.36"
::1 - - [Wed, 30 May 2018 07:54:59 GMT] "GET /stylesheets/style.css HTTP/1.1" 200 1992 "http://localhost:3000/post" "Mozilla/5.0 (Windows NT 6.1; Win64; x64) AppleWebKit/537.36 (KHTML, like Gecko) Chrome/63.0.3239.132 Safari/537.36"
::1 - - [Wed, 30 May 2018 07:54:59 GMT] "GET /favicon.ico HTTP/1.1" 200 224 "http://localhost:3000/post" "Mozilla/5.0 (Windows NT 6.1; Win64; x64) AppleWebKit/537.36 (KHTML, like Gecko) Chrome/63.0.3239.132 Safari/537.36"
::1 - - [Wed, 30 May 2018 07:56:51 GMT] "GET /post HTTP/1.1" 200 1691 "-" "Mozilla/5.0 (Windows NT 6.1; Win64; x64) AppleWebKit/537.36 (KHTML, like Gecko) Chrome/63.0.3239.132 Safari/537.36"
::1 - - [Wed, 30 May 2018 07:56:51 GMT] "GET /public/kindeditor/kindeditor-all-min.js HTTP/1.1" 200 224 "http://localhost:3000/post" "Mozilla/5.0 (Windows NT 6.1; Win64; x64) AppleWebKit/537.36 (KHTML, like Gecko) Chrome/63.0.3239.132 Safari/537.36"
::1 - - [Wed, 30 May 2018 07:56:51 GMT] "GET /stylesheets/style.css HTTP/1.1" 200 1992 "http://localhost:3000/post" "Mozilla/5.0 (Windows NT 6.1; Win64; x64) AppleWebKit/537.36 (KHTML, like Gecko) Chrome/63.0.3239.132 Safari/537.36"
::1 - - [Wed, 30 May 2018 07:56:51 GMT] "GET /public/kindeditor/lang/zh-CN.js HTTP/1.1" 200 224 "http://localhost:3000/post" "Mozilla/5.0 (Windows NT 6.1; Win64; x64) AppleWebKit/537.36 (KHTML, like Gecko) Chrome/63.0.3239.132 Safari/537.36"
::1 - - [Wed, 30 May 2018 07:56:51 GMT] "GET /favicon.ico HTTP/1.1" 200 224 "http://localhost:3000/post" "Mozilla/5.0 (Windows NT 6.1; Win64; x64) AppleWebKit/537.36 (KHTML, like Gecko) Chrome/63.0.3239.132 Safari/537.36"
::1 - - [Wed, 30 May 2018 07:57:42 GMT] "GET /post HTTP/1.1" 200 1667 "-" "Mozilla/5.0 (Windows NT 6.1; Win64; x64) AppleWebKit/537.36 (KHTML, like Gecko) Chrome/63.0.3239.132 Safari/537.36"
::ffff:127.0.0.1 - - [Wed, 30 May 2018 07:57:42 GMT] "GET /public/kindeditor/kindeditor-all-min.js HTTP/1.1" 200 224 "http://localhost:3000/post" "Mozilla/5.0 (Windows NT 6.1; Win64; x64) AppleWebKit/537.36 (KHTML, like Gecko) Chrome/63.0.3239.132 Safari/537.36"
::1 - - [Wed, 30 May 2018 07:57:42 GMT] "GET /public/kindeditor/lang/zh-CN.js HTTP/1.1" 200 224 "http://localhost:3000/post" "Mozilla/5.0 (Windows NT 6.1; Win64; x64) AppleWebKit/537.36 (KHTML, like Gecko) Chrome/63.0.3239.132 Safari/537.36"
::1 - - [Wed, 30 May 2018 07:57:42 GMT] "GET /stylesheets/style.css HTTP/1.1" 200 1992 "http://localhost:3000/post" "Mozilla/5.0 (Windows NT 6.1; Win64; x64) AppleWebKit/537.36 (KHTML, like Gecko) Chrome/63.0.3239.132 Safari/537.36"
::1 - - [Wed, 30 May 2018 07:57:43 GMT] "GET /favicon.ico HTTP/1.1" 200 224 "http://localhost:3000/post" "Mozilla/5.0 (Windows NT 6.1; Win64; x64) AppleWebKit/537.36 (KHTML, like Gecko) Chrome/63.0.3239.132 Safari/537.36"
::1 - - [Wed, 30 May 2018 07:57:49 GMT] "GET /post HTTP/1.1" 200 1667 "-" "Mozilla/5.0 (Windows NT 6.1; Win64; x64) AppleWebKit/537.36 (KHTML, like Gecko) Chrome/63.0.3239.132 Safari/537.36"
::1 - - [Wed, 30 May 2018 07:57:49 GMT] "GET /public/kindeditor/kindeditor-all-min.js HTTP/1.1" 200 224 "http://localhost:3000/post" "Mozilla/5.0 (Windows NT 6.1; Win64; x64) AppleWebKit/537.36 (KHTML, like Gecko) Chrome/63.0.3239.132 Safari/537.36"
::1 - - [Wed, 30 May 2018 07:57:49 GMT] "GET /stylesheets/style.css HTTP/1.1" 200 1992 "http://localhost:3000/post" "Mozilla/5.0 (Windows NT 6.1; Win64; x64) AppleWebKit/537.36 (KHTML, like Gecko) Chrome/63.0.3239.132 Safari/537.36"
::1 - - [Wed, 30 May 2018 07:57:49 GMT] "GET /public/kindeditor/lang/zh-CN.js HTTP/1.1" 200 224 "http://localhost:3000/post" "Mozilla/5.0 (Windows NT 6.1; Win64; x64) AppleWebKit/537.36 (KHTML, like Gecko) Chrome/63.0.3239.132 Safari/537.36"
::1 - - [Wed, 30 May 2018 07:57:50 GMT] "GET /favicon.ico HTTP/1.1" 200 224 "http://localhost:3000/post" "Mozilla/5.0 (Windows NT 6.1; Win64; x64) AppleWebKit/537.36 (KHTML, like Gecko) Chrome/63.0.3239.132 Safari/537.36"
::1 - - [Wed, 30 May 2018 07:58:08 GMT] "GET /post HTTP/1.1" 200 1667 "-" "Mozilla/5.0 (Windows NT 6.1; Win64; x64) AppleWebKit/537.36 (KHTML, like Gecko) Chrome/63.0.3239.132 Safari/537.36"
::ffff:127.0.0.1 - - [Wed, 30 May 2018 07:58:08 GMT] "GET /public/kindeditor/kindeditor-all-min.js HTTP/1.1" 200 224 "http://localhost:3000/post" "Mozilla/5.0 (Windows NT 6.1; Win64; x64) AppleWebKit/537.36 (KHTML, like Gecko) Chrome/63.0.3239.132 Safari/537.36"
::1 - - [Wed, 30 May 2018 07:58:08 GMT] "GET /public/kindeditor/lang/zh-CN.js HTTP/1.1" 200 224 "http://localhost:3000/post" "Mozilla/5.0 (Windows NT 6.1; Win64; x64) AppleWebKit/537.36 (KHTML, like Gecko) Chrome/63.0.3239.132 Safari/537.36"
::1 - - [Wed, 30 May 2018 07:58:08 GMT] "GET /stylesheets/style.css HTTP/1.1" 200 1992 "http://localhost:3000/post" "Mozilla/5.0 (Windows NT 6.1; Win64; x64) AppleWebKit/537.36 (KHTML, like Gecko) Chrome/63.0.3239.132 Safari/537.36"
::1 - - [Wed, 30 May 2018 07:58:09 GMT] "GET /favicon.ico HTTP/1.1" 200 224 "http://localhost:3000/post" "Mozilla/5.0 (Windows NT 6.1; Win64; x64) AppleWebKit/537.36 (KHTML, like Gecko) Chrome/63.0.3239.132 Safari/537.36"
::1 - - [Wed, 30 May 2018 07:59:30 GMT] "GET /post HTTP/1.1" 200 1663 "-" "Mozilla/5.0 (Windows NT 6.1; Win64; x64) AppleWebKit/537.36 (KHTML, like Gecko) Chrome/63.0.3239.132 Safari/537.36"
::1 - - [Wed, 30 May 2018 07:59:30 GMT] "GET /public/kindeditor/kindeditor-all.js HTTP/1.1" 200 224 "http://localhost:3000/post" "Mozilla/5.0 (Windows NT 6.1; Win64; x64) AppleWebKit/537.36 (KHTML, like Gecko) Chrome/63.0.3239.132 Safari/537.36"
::1 - - [Wed, 30 May 2018 07:59:30 GMT] "GET /public/kindeditor/lang/zh-CN.js HTTP/1.1" 200 224 "http://localhost:3000/post" "Mozilla/5.0 (Windows NT 6.1; Win64; x64) AppleWebKit/537.36 (KHTML, like Gecko) Chrome/63.0.3239.132 Safari/537.36"
::1 - - [Wed, 30 May 2018 07:59:30 GMT] "GET /stylesheets/style.css HTTP/1.1" 200 1992 "http://localhost:3000/post" "Mozilla/5.0 (Windows NT 6.1; Win64; x64) AppleWebKit/537.36 (KHTML, like Gecko) Chrome/63.0.3239.132 Safari/537.36"
::1 - - [Wed, 30 May 2018 07:59:30 GMT] "GET /favicon.ico HTTP/1.1" 200 224 "http://localhost:3000/post" "Mozilla/5.0 (Windows NT 6.1; Win64; x64) AppleWebKit/537.36 (KHTML, like Gecko) Chrome/63.0.3239.132 Safari/537.36"
::1 - - [Wed, 30 May 2018 07:59:59 GMT] "GET /public/kindeditor/kindeditor-all.js HTTP/1.1" 304 - "-" "Mozilla/5.0 (Windows NT 6.1; Win64; x64) AppleWebKit/537.36 (KHTML, like Gecko) Chrome/63.0.3239.132 Safari/537.36"
::1 - - [Wed, 30 May 2018 08:00:01 GMT] "GET /favicon.ico HTTP/1.1" 304 - "http://localhost:3000/public/kindeditor/kindeditor-all.js" "Mozilla/5.0 (Windows NT 6.1; Win64; x64) AppleWebKit/537.36 (KHTML, like Gecko) Chrome/63.0.3239.132 Safari/537.36"
::ffff:127.0.0.1 - - [Wed, 30 May 2018 08:01:42 GMT] "GET /post HTTP/1.1" 200 1645 "-" "Mozilla/5.0 (Windows NT 6.1; Win64; x64) AppleWebKit/537.36 (KHTML, like Gecko) Chrome/63.0.3239.132 Safari/537.36"
::ffff:127.0.0.1 - - [Wed, 30 May 2018 08:01:42 GMT] "GET /stylesheets/style.css HTTP/1.1" 200 1992 "http://localhost:3000/post" "Mozilla/5.0 (Windows NT 6.1; Win64; x64) AppleWebKit/537.36 (KHTML, like Gecko) Chrome/63.0.3239.132 Safari/537.36"
::1 - - [Wed, 30 May 2018 08:01:42 GMT] "GET /kindeditor/lang/zh-CN.js HTTP/1.1" 200 8528 "http://localhost:3000/post" "Mozilla/5.0 (Windows NT 6.1; Win64; x64) AppleWebKit/537.36 (KHTML, like Gecko) Chrome/63.0.3239.132 Safari/537.36"
::ffff:127.0.0.1 - - [Wed, 30 May 2018 08:01:42 GMT] "GET /kindeditor/kindeditor-all.js HTTP/1.1" 200 304805 "http://localhost:3000/post" "Mozilla/5.0 (Windows NT 6.1; Win64; x64) AppleWebKit/537.36 (KHTML, like Gecko) Chrome/63.0.3239.132 Safari/537.36"
::ffff:127.0.0.1 - - [Wed, 30 May 2018 08:01:42 GMT] "GET /kindeditor/themes/default/default.css HTTP/1.1" 200 20773 "http://localhost:3000/post" "Mozilla/5.0 (Windows NT 6.1; Win64; x64) AppleWebKit/537.36 (KHTML, like Gecko) Chrome/63.0.3239.132 Safari/537.36"
::ffff:127.0.0.1 - - [Wed, 30 May 2018 08:01:43 GMT] "GET /kindeditor/themes/default/default.png HTTP/1.1" 200 8299 "http://localhost:3000/kindeditor/themes/default/default.css" "Mozilla/5.0 (Windows NT 6.1; Win64; x64) AppleWebKit/537.36 (KHTML, like Gecko) Chrome/63.0.3239.132 Safari/537.36"
::ffff:127.0.0.1 - - [Wed, 30 May 2018 08:01:43 GMT] "GET /favicon.ico HTTP/1.1" 200 224 "http://localhost:3000/post" "Mozilla/5.0 (Windows NT 6.1; Win64; x64) AppleWebKit/537.36 (KHTML, like Gecko) Chrome/63.0.3239.132 Safari/537.36"
::1 - - [Wed, 30 May 2018 08:01:49 GMT] "GET /kindeditor/themes/default/background.png HTTP/1.1" 200 1410 "http://localhost:3000/kindeditor/themes/default/default.css" "Mozilla/5.0 (Windows NT 6.1; Win64; x64) AppleWebKit/537.36 (KHTML, like Gecko) Chrome/63.0.3239.132 Safari/537.36"
::1 - - [Wed, 30 May 2018 08:01:49 GMT] "GET /kindeditor/plugins/image/images/refresh.png HTTP/1.1" 200 800 "http://localhost:3000/post" "Mozilla/5.0 (Windows NT 6.1; Win64; x64) AppleWebKit/537.36 (KHTML, like Gecko) Chrome/63.0.3239.132 Safari/537.36"
::1 - - [Wed, 30 May 2018 08:01:49 GMT] "GET /kindeditor/plugins/image/images/align_top.gif HTTP/1.1" 200 625 "http://localhost:3000/post" "Mozilla/5.0 (Windows NT 6.1; Win64; x64) AppleWebKit/537.36 (KHTML, like Gecko) Chrome/63.0.3239.132 Safari/537.36"
::1 - - [Wed, 30 May 2018 08:01:49 GMT] "GET /kindeditor/plugins/image/images/align_left.gif HTTP/1.1" 200 639 "http://localhost:3000/post" "Mozilla/5.0 (Windows NT 6.1; Win64; x64) AppleWebKit/537.36 (KHTML, like Gecko) Chrome/63.0.3239.132 Safari/537.36"
::1 - - [Wed, 30 May 2018 08:01:49 GMT] "GET /kindeditor/plugins/image/images/align_right.gif HTTP/1.1" 200 636 "http://localhost:3000/post" "Mozilla/5.0 (Windows NT 6.1; Win64; x64) AppleWebKit/537.36 (KHTML, like Gecko) Chrome/63.0.3239.132 Safari/537.36"
::1 - - [Wed, 30 May 2018 08:01:59 GMT] "GET /kindeditor/themes/common/loading.gif HTTP/1.1" 200 2608 "http://localhost:3000/kindeditor/themes/default/default.css" "Mozilla/5.0 (Windows NT 6.1; Win64; x64) AppleWebKit/537.36 (KHTML, like Gecko) Chrome/63.0.3239.132 Safari/537.36"
::1 - - [Wed, 30 May 2018 08:02:46 GMT] "POST /post HTTP/1.1" 302 46 "http://localhost:3000/post" "Mozilla/5.0 (Windows NT 6.1; Win64; x64) AppleWebKit/537.36 (KHTML, like Gecko) Chrome/63.0.3239.132 Safari/537.36"
::1 - - [Wed, 30 May 2018 08:02:46 GMT] "GET / HTTP/1.1" 200 3077 "http://localhost:3000/post" "Mozilla/5.0 (Windows NT 6.1; Win64; x64) AppleWebKit/537.36 (KHTML, like Gecko) Chrome/63.0.3239.132 Safari/537.36"
::1 - - [Wed, 30 May 2018 08:02:46 GMT] "GET /stylesheets/style.css HTTP/1.1" 200 1992 "http://localhost:3000/" "Mozilla/5.0 (Windows NT 6.1; Win64; x64) AppleWebKit/537.36 (KHTML, like Gecko) Chrome/63.0.3239.132 Safari/537.36"
::1 - - [Wed, 30 May 2018 08:02:46 GMT] "GET /kindeditor/lang/zh-CN.js HTTP/1.1" 200 8528 "http://localhost:3000/" "Mozilla/5.0 (Windows NT 6.1; Win64; x64) AppleWebKit/537.36 (KHTML, like Gecko) Chrome/63.0.3239.132 Safari/537.36"
::1 - - [Wed, 30 May 2018 08:02:46 GMT] "GET /kindeditor/kindeditor-all.js HTTP/1.1" 200 304805 "http://localhost:3000/" "Mozilla/5.0 (Windows NT 6.1; Win64; x64) AppleWebKit/537.36 (KHTML, like Gecko) Chrome/63.0.3239.132 Safari/537.36"
::1 - - [Wed, 30 May 2018 08:02:46 GMT] "GET /kindeditor/themes/default/default.css HTTP/1.1" 200 20773 "http://localhost:3000/" "Mozilla/5.0 (Windows NT 6.1; Win64; x64) AppleWebKit/537.36 (KHTML, like Gecko) Chrome/63.0.3239.132 Safari/537.36"
::1 - - [Wed, 30 May 2018 08:02:46 GMT] "GET /favicon.ico HTTP/1.1" 200 224 "http://localhost:3000/" "Mozilla/5.0 (Windows NT 6.1; Win64; x64) AppleWebKit/537.36 (KHTML, like Gecko) Chrome/63.0.3239.132 Safari/537.36"
::1 - - [Wed, 30 May 2018 08:02:48 GMT] "GET /u/liangzhimin/2018-5-30/srwerwe HTTP/1.1" 200 2652 "http://localhost:3000/" "Mozilla/5.0 (Windows NT 6.1; Win64; x64) AppleWebKit/537.36 (KHTML, like Gecko) Chrome/63.0.3239.132 Safari/537.36"
::1 - - [Wed, 30 May 2018 08:02:48 GMT] "GET /stylesheets/style.css HTTP/1.1" 200 1992 "http://localhost:3000/u/liangzhimin/2018-5-30/srwerwe" "Mozilla/5.0 (Windows NT 6.1; Win64; x64) AppleWebKit/537.36 (KHTML, like Gecko) Chrome/63.0.3239.132 Safari/537.36"
::1 - - [Wed, 30 May 2018 08:02:48 GMT] "GET /kindeditor/lang/zh-CN.js HTTP/1.1" 200 8528 "http://localhost:3000/u/liangzhimin/2018-5-30/srwerwe" "Mozilla/5.0 (Windows NT 6.1; Win64; x64) AppleWebKit/537.36 (KHTML, like Gecko) Chrome/63.0.3239.132 Safari/537.36"
::1 - - [Wed, 30 May 2018 08:02:48 GMT] "GET /kindeditor/kindeditor-all.js HTTP/1.1" 200 304805 "http://localhost:3000/u/liangzhimin/2018-5-30/srwerwe" "Mozilla/5.0 (Windows NT 6.1; Win64; x64) AppleWebKit/537.36 (KHTML, like Gecko) Chrome/63.0.3239.132 Safari/537.36"
::1 - - [Wed, 30 May 2018 08:02:49 GMT] "GET /kindeditor/themes/default/default.css HTTP/1.1" 200 20773 "http://localhost:3000/u/liangzhimin/2018-5-30/srwerwe" "Mozilla/5.0 (Windows NT 6.1; Win64; x64) AppleWebKit/537.36 (KHTML, like Gecko) Chrome/63.0.3239.132 Safari/537.36"
::1 - - [Wed, 30 May 2018 08:02:49 GMT] "GET /favicon.ico HTTP/1.1" 200 224 "http://localhost:3000/u/liangzhimin/2018-5-30/srwerwe" "Mozilla/5.0 (Windows NT 6.1; Win64; x64) AppleWebKit/537.36 (KHTML, like Gecko) Chrome/63.0.3239.132 Safari/537.36"
::1 - - [Wed, 30 May 2018 08:02:51 GMT] "GET / HTTP/1.1" 200 3042 "http://localhost:3000/u/liangzhimin/2018-5-30/srwerwe" "Mozilla/5.0 (Windows NT 6.1; Win64; x64) AppleWebKit/537.36 (KHTML, like Gecko) Chrome/63.0.3239.132 Safari/537.36"
::1 - - [Wed, 30 May 2018 08:02:51 GMT] "GET /stylesheets/style.css HTTP/1.1" 200 1992 "http://localhost:3000/" "Mozilla/5.0 (Windows NT 6.1; Win64; x64) AppleWebKit/537.36 (KHTML, like Gecko) Chrome/63.0.3239.132 Safari/537.36"
::1 - - [Wed, 30 May 2018 08:02:51 GMT] "GET /kindeditor/lang/zh-CN.js HTTP/1.1" 200 8528 "http://localhost:3000/" "Mozilla/5.0 (Windows NT 6.1; Win64; x64) AppleWebKit/537.36 (KHTML, like Gecko) Chrome/63.0.3239.132 Safari/537.36"
::1 - - [Wed, 30 May 2018 08:02:51 GMT] "GET /kindeditor/kindeditor-all.js HTTP/1.1" 200 304805 "http://localhost:3000/" "Mozilla/5.0 (Windows NT 6.1; Win64; x64) AppleWebKit/537.36 (KHTML, like Gecko) Chrome/63.0.3239.132 Safari/537.36"
::1 - - [Wed, 30 May 2018 08:02:51 GMT] "GET /kindeditor/themes/default/default.css HTTP/1.1" 200 20773 "http://localhost:3000/" "Mozilla/5.0 (Windows NT 6.1; Win64; x64) AppleWebKit/537.36 (KHTML, like Gecko) Chrome/63.0.3239.132 Safari/537.36"
::1 - - [Wed, 30 May 2018 08:02:51 GMT] "GET /favicon.ico HTTP/1.1" 200 224 "http://localhost:3000/" "Mozilla/5.0 (Windows NT 6.1; Win64; x64) AppleWebKit/537.36 (KHTML, like Gecko) Chrome/63.0.3239.132 Safari/537.36"
::1 - - [Wed, 30 May 2018 08:03:21 GMT] "GET /post HTTP/1.1" 200 2021 "http://localhost:3000/" "Mozilla/5.0 (Windows NT 6.1; Win64; x64) AppleWebKit/537.36 (KHTML, like Gecko) Chrome/63.0.3239.132 Safari/537.36"
::1 - - [Wed, 30 May 2018 08:03:21 GMT] "GET /stylesheets/style.css HTTP/1.1" 200 1992 "http://localhost:3000/post" "Mozilla/5.0 (Windows NT 6.1; Win64; x64) AppleWebKit/537.36 (KHTML, like Gecko) Chrome/63.0.3239.132 Safari/537.36"
::1 - - [Wed, 30 May 2018 08:03:21 GMT] "GET /kindeditor/lang/zh-CN.js HTTP/1.1" 200 8528 "http://localhost:3000/post" "Mozilla/5.0 (Windows NT 6.1; Win64; x64) AppleWebKit/537.36 (KHTML, like Gecko) Chrome/63.0.3239.132 Safari/537.36"
::ffff:127.0.0.1 - - [Wed, 30 May 2018 08:03:21 GMT] "GET /kindeditor/kindeditor-all.js HTTP/1.1" 200 304805 "http://localhost:3000/post" "Mozilla/5.0 (Windows NT 6.1; Win64; x64) AppleWebKit/537.36 (KHTML, like Gecko) Chrome/63.0.3239.132 Safari/537.36"
::ffff:127.0.0.1 - - [Wed, 30 May 2018 08:03:22 GMT] "GET /favicon.ico HTTP/1.1" 200 224 "http://localhost:3000/post" "Mozilla/5.0 (Windows NT 6.1; Win64; x64) AppleWebKit/537.36 (KHTML, like Gecko) Chrome/63.0.3239.132 Safari/537.36"
::1 - - [Wed, 30 May 2018 08:03:41 GMT] "GET /post HTTP/1.1" 200 2008 "-" "Mozilla/5.0 (Windows NT 6.1; Win64; x64) AppleWebKit/537.36 (KHTML, like Gecko) Chrome/63.0.3239.132 Safari/537.36"
::1 - - [Wed, 30 May 2018 08:03:41 GMT] "GET /stylesheets/style.css HTTP/1.1" 200 1992 "http://localhost:3000/post" "Mozilla/5.0 (Windows NT 6.1; Win64; x64) AppleWebKit/537.36 (KHTML, like Gecko) Chrome/63.0.3239.132 Safari/537.36"
::1 - - [Wed, 30 May 2018 08:03:41 GMT] "GET /kindeditor/lang/zh-CN.js HTTP/1.1" 200 8528 "http://localhost:3000/post" "Mozilla/5.0 (Windows NT 6.1; Win64; x64) AppleWebKit/537.36 (KHTML, like Gecko) Chrome/63.0.3239.132 Safari/537.36"
::1 - - [Wed, 30 May 2018 08:03:41 GMT] "GET /kindeditor/kindeditor-all.js HTTP/1.1" 200 304805 "http://localhost:3000/post" "Mozilla/5.0 (Windows NT 6.1; Win64; x64) AppleWebKit/537.36 (KHTML, like Gecko) Chrome/63.0.3239.132 Safari/537.36"
::1 - - [Wed, 30 May 2018 08:03:41 GMT] "GET /kindeditor/themes/default/default.css HTTP/1.1" 200 20773 "http://localhost:3000/post" "Mozilla/5.0 (Windows NT 6.1; Win64; x64) AppleWebKit/537.36 (KHTML, like Gecko) Chrome/63.0.3239.132 Safari/537.36"
::1 - - [Wed, 30 May 2018 08:03:41 GMT] "GET /kindeditor/themes/default/default.png HTTP/1.1" 200 8299 "http://localhost:3000/kindeditor/themes/default/default.css" "Mozilla/5.0 (Windows NT 6.1; Win64; x64) AppleWebKit/537.36 (KHTML, like Gecko) Chrome/63.0.3239.132 Safari/537.36"
::1 - - [Wed, 30 May 2018 08:03:42 GMT] "GET /favicon.ico HTTP/1.1" 200 224 "http://localhost:3000/post" "Mozilla/5.0 (Windows NT 6.1; Win64; x64) AppleWebKit/537.36 (KHTML, like Gecko) Chrome/63.0.3239.132 Safari/537.36"
::1 - - [Wed, 30 May 2018 08:13:35 GMT] "GET / HTTP/1.1" 200 3405 "http://localhost:3000/post" "Mozilla/5.0 (Windows NT 6.1; Win64; x64) AppleWebKit/537.36 (KHTML, like Gecko) Chrome/63.0.3239.132 Safari/537.36"
::1 - - [Wed, 30 May 2018 08:13:35 GMT] "GET /stylesheets/style.css HTTP/1.1" 200 1992 "http://localhost:3000/" "Mozilla/5.0 (Windows NT 6.1; Win64; x64) AppleWebKit/537.36 (KHTML, like Gecko) Chrome/63.0.3239.132 Safari/537.36"
::1 - - [Wed, 30 May 2018 08:13:35 GMT] "GET /kindeditor/lang/zh-CN.js HTTP/1.1" 200 8528 "http://localhost:3000/" "Mozilla/5.0 (Windows NT 6.1; Win64; x64) AppleWebKit/537.36 (KHTML, like Gecko) Chrome/63.0.3239.132 Safari/537.36"
::1 - - [Wed, 30 May 2018 08:13:35 GMT] "GET /kindeditor/kindeditor-all.js HTTP/1.1" 200 304805 "http://localhost:3000/" "Mozilla/5.0 (Windows NT 6.1; Win64; x64) AppleWebKit/537.36 (KHTML, like Gecko) Chrome/63.0.3239.132 Safari/537.36"
::1 - - [Wed, 30 May 2018 08:13:35 GMT] "GET /kindeditor/themes/default/default.css HTTP/1.1" 200 20773 "http://localhost:3000/" "Mozilla/5.0 (Windows NT 6.1; Win64; x64) AppleWebKit/537.36 (KHTML, like Gecko) Chrome/63.0.3239.132 Safari/537.36"
::1 - - [Wed, 30 May 2018 08:13:36 GMT] "GET /favicon.ico HTTP/1.1" 200 224 "http://localhost:3000/" "Mozilla/5.0 (Windows NT 6.1; Win64; x64) AppleWebKit/537.36 (KHTML, like Gecko) Chrome/63.0.3239.132 Safari/537.36"
